#
# There is insufficient memory for the Java Runtime Environment to continue.
# Native memory allocation (malloc) failed to allocate 371808 bytes for Chunk::new
# Possible reasons:
#   The system is out of physical RAM or swap space
#   The process is running with CompressedOops enabled, and the Java Heap may be blocking the growth of the native heap
# Possible solutions:
#   Reduce memory load on the system
#   Increase physical memory or swap space
#   Check if swap backing store is full
#   Decrease Java heap size (-Xmx/-Xms)
#   Decrease number of Java threads
#   Decrease Java thread stack sizes (-Xss)
#   Set larger code cache with -XX:ReservedCodeCacheSize=
#   JVM is running with Unscaled Compressed Oops mode in which the Java heap is
#     placed in the first 4GB address space. The Java Heap base address is the
#     maximum limit for the native heap growth. Please use -XX:HeapBaseMinAddress
#     to set the Java Heap base and to place the Java Heap above 4GB virtual address.
# This output file may be truncated or incomplete.
#
#  Out of Memory Error (t:/workspace/open/src/hotspot/share/memory/arena.cpp:196), pid=6564, tid=6492
#
# JRE version: Java(TM) SE Runtime Environment (13.0.2+8) (build 13.0.2+8)
# Java VM: Java HotSpot(TM) 64-Bit Server VM (13.0.2+8, mixed mode, sharing, tiered, compressed oops, g1 gc, windows-amd64)
# No core dump will be written. Minidumps are not enabled by default on client versions of Windows
#

---------------  S U M M A R Y ------------

Command Line: -ea --enable-preview -Didea.test.cyclic.buffer.size=1048576 -javaagent:C:\Program Files\JetBrains\IntelliJ IDEA Community Edition 2019.3.4\lib\idea_rt.jar=50427:C:\Program Files\JetBrains\IntelliJ IDEA Community Edition 2019.3.4\bin -Dfile.encoding=UTF-8 com.intellij.rt.junit.JUnitStarter -ideVersion5 -junit4 ru.deliveryclub.FirstTest,firstTest

Host: AMD Ryzen 3 3200U with Radeon Vega Mobile Gfx  , 4 cores, 5G,  Windows 10 , 64 bit Build 19041 (10.0.19041.1)
Time: Wed Apr  1 11:04:01 2020 RTZ 2 (зима) elapsed time: 1 seconds (0d 0h 0m 1s)

---------------  T H R E A D  ---------------

Current thread (0x00000215ff119000):  JavaThread "C2 CompilerThread0" daemon [_thread_in_native, id=6492, stack(0x0000004268b00000,0x0000004268c00000)]


Current CompileTask:
C2:   1052  826       4       java.util.HashMap::put (13 bytes)

Stack: [0x0000004268b00000,0x0000004268c00000]
Native frames: (J=compiled Java code, j=interpreted, Vv=VM code, C=native code)
V  [jvm.dll+0x624f9a]
V  [jvm.dll+0x770cfa]
V  [jvm.dll+0x7724af]
V  [jvm.dll+0x772ab3]
V  [jvm.dll+0x24bf08]
V  [jvm.dll+0xc1e47]
V  [jvm.dll+0xc23cc]
V  [jvm.dll+0x35c0c5]
V  [jvm.dll+0x327803]
V  [jvm.dll+0x326bda]
V  [jvm.dll+0x205c27]
V  [jvm.dll+0x204e3f]
V  [jvm.dll+0x189c2c]
V  [jvm.dll+0x213e6d]
V  [jvm.dll+0x2120bb]
V  [jvm.dll+0x736bb6]
V  [jvm.dll+0x72fcaa]
V  [jvm.dll+0x623ea6]
C  [ucrtbase.dll+0x21542]
C  [KERNEL32.DLL+0x16fd4]
C  [ntdll.dll+0x4cf31]


---------------  P R O C E S S  ---------------

Threads class SMR info:
_java_thread_list=0x00000215ffbbe7c0, length=11, elements={
0x00000215f55bc000, 0x00000215ff0f6800, 0x00000215ff0fb800, 0x00000215ff117000,
0x00000215ff118000, 0x00000215ff119000, 0x00000215ff11a000, 0x00000215ffaa8800,
0x00000215ff0ee800, 0x00000215ffbb8800, 0x00000215ffbb9800
}

Java Threads: ( => current thread )
  0x00000215f55bc000 JavaThread "main" [_thread_in_vm, id=1860, stack(0x0000004267f00000,0x0000004268000000)]
  0x00000215ff0f6800 JavaThread "Reference Handler" daemon [_thread_blocked, id=10972, stack(0x0000004268600000,0x0000004268700000)]
  0x00000215ff0fb800 JavaThread "Finalizer" daemon [_thread_blocked, id=7052, stack(0x0000004268700000,0x0000004268800000)]
  0x00000215ff117000 JavaThread "Signal Dispatcher" daemon [_thread_blocked, id=7152, stack(0x0000004268900000,0x0000004268a00000)]
  0x00000215ff118000 JavaThread "Attach Listener" daemon [_thread_blocked, id=10280, stack(0x0000004268a00000,0x0000004268b00000)]
=>0x00000215ff119000 JavaThread "C2 CompilerThread0" daemon [_thread_in_native, id=6492, stack(0x0000004268b00000,0x0000004268c00000)]
  0x00000215ff11a000 JavaThread "C1 CompilerThread0" daemon [_thread_in_native, id=6896, stack(0x0000004268c00000,0x0000004268d00000)]
  0x00000215ffaa8800 JavaThread "Sweeper thread" daemon [_thread_blocked, id=7628, stack(0x0000004268d00000,0x0000004268e00000)]
  0x00000215ff0ee800 JavaThread "Common-Cleaner" daemon [_thread_blocked, id=7260, stack(0x0000004268e00000,0x0000004268f00000)]
  0x00000215ffbb8800 JavaThread "Monitor Ctrl-Break" daemon [_thread_in_native, id=1028, stack(0x0000004268f00000,0x0000004269000000)]
  0x00000215ffbb9800 JavaThread "Service Thread" daemon [_thread_blocked, id=4568, stack(0x0000004269000000,0x0000004269100000)]

Other Threads:
  0x00000215ff0f5800 VMThread "VM Thread" [stack: 0x0000004268500000,0x0000004268600000] [id=4668]
  0x00000215ffbba800 WatcherThread [stack: 0x0000004269100000,0x0000004269200000] [id=1444]
  0x00000215f55fa800 GCTaskThread "GC Thread#0" [stack: 0x0000004268000000,0x0000004268100000] [id=7564]
  0x00000215f5609000 ConcurrentGCThread "G1 Main Marker" [stack: 0x0000004268100000,0x0000004268200000] [id=8160]
  0x00000215f560a000 ConcurrentGCThread "G1 Conc#0" [stack: 0x0000004268200000,0x0000004268300000] [id=8792]
  0x00000215f567c000 ConcurrentGCThread "G1 Refine#0" [stack: 0x0000004268300000,0x0000004268400000] [id=10732]
  0x00000215f567e000 ConcurrentGCThread "G1 Young RemSet Sampling" [stack: 0x0000004268400000,0x0000004268500000] [id=7916]

Threads with active compile tasks:
C2 CompilerThread0     1081  826       4       java.util.HashMap::put (13 bytes)
C1 CompilerThread0     1081  854       3       sun.security.util.DerInputStream::getLength (9 bytes)

VM state:not at safepoint (normal execution)

VM Mutex/Monitor currently owned by a thread:  ([mutex/lock_event])
[0x00000215f55b7fa0] Compile_lock - owner thread: 0x0000000000000000

Heap address: 0x00000000a0c00000, size: 1524 MB, Compressed Oops mode: 32-bit
Narrow klass base: 0x0000000800000000, Narrow klass shift: 3
Compressed class space size: 1073741824 Address: 0x0000000800b40000

Heap:
 garbage-first heap   total 98304K, used 10240K [0x00000000a0c00000, 0x0000000100000000)
  region size 1024K, 12 young (12288K), 0 survivors (0K)
 Metaspace       used 5281K, capacity 6473K, committed 6656K, reserved 1056768K
  class space    used 619K, capacity 754K, committed 768K, reserved 1048576K
Heap Regions: E=young(eden), S=young(survivor), O=old, HS=humongous(starts), HC=humongous(continues), CS=collection set, F=free, A=archive, TAMS=top-at-mark-start (previous, next)
|   0|0x00000000a0c00000, 0x00000000a0c00000, 0x00000000a0d00000|  0%| F|  |TAMS 0x00000000a0c00000, 0x00000000a0c00000| Untracked 
|   1|0x00000000a0d00000, 0x00000000a0d00000, 0x00000000a0e00000|  0%| F|  |TAMS 0x00000000a0d00000, 0x00000000a0d00000| Untracked 
|   2|0x00000000a0e00000, 0x00000000a0e00000, 0x00000000a0f00000|  0%| F|  |TAMS 0x00000000a0e00000, 0x00000000a0e00000| Untracked 
|   3|0x00000000a0f00000, 0x00000000a0f00000, 0x00000000a1000000|  0%| F|  |TAMS 0x00000000a0f00000, 0x00000000a0f00000| Untracked 
|   4|0x00000000a1000000, 0x00000000a1000000, 0x00000000a1100000|  0%| F|  |TAMS 0x00000000a1000000, 0x00000000a1000000| Untracked 
|   5|0x00000000a1100000, 0x00000000a1100000, 0x00000000a1200000|  0%| F|  |TAMS 0x00000000a1100000, 0x00000000a1100000| Untracked 
|   6|0x00000000a1200000, 0x00000000a1200000, 0x00000000a1300000|  0%| F|  |TAMS 0x00000000a1200000, 0x00000000a1200000| Untracked 
|   7|0x00000000a1300000, 0x00000000a1300000, 0x00000000a1400000|  0%| F|  |TAMS 0x00000000a1300000, 0x00000000a1300000| Untracked 
|   8|0x00000000a1400000, 0x00000000a1400000, 0x00000000a1500000|  0%| F|  |TAMS 0x00000000a1400000, 0x00000000a1400000| Untracked 
|   9|0x00000000a1500000, 0x00000000a1500000, 0x00000000a1600000|  0%| F|  |TAMS 0x00000000a1500000, 0x00000000a1500000| Untracked 
|  10|0x00000000a1600000, 0x00000000a1600000, 0x00000000a1700000|  0%| F|  |TAMS 0x00000000a1600000, 0x00000000a1600000| Untracked 
|  11|0x00000000a1700000, 0x00000000a1700000, 0x00000000a1800000|  0%| F|  |TAMS 0x00000000a1700000, 0x00000000a1700000| Untracked 
|  12|0x00000000a1800000, 0x00000000a1800000, 0x00000000a1900000|  0%| F|  |TAMS 0x00000000a1800000, 0x00000000a1800000| Untracked 
|  13|0x00000000a1900000, 0x00000000a1900000, 0x00000000a1a00000|  0%| F|  |TAMS 0x00000000a1900000, 0x00000000a1900000| Untracked 
|  14|0x00000000a1a00000, 0x00000000a1a00000, 0x00000000a1b00000|  0%| F|  |TAMS 0x00000000a1a00000, 0x00000000a1a00000| Untracked 
|  15|0x00000000a1b00000, 0x00000000a1b00000, 0x00000000a1c00000|  0%| F|  |TAMS 0x00000000a1b00000, 0x00000000a1b00000| Untracked 
|  16|0x00000000a1c00000, 0x00000000a1c00000, 0x00000000a1d00000|  0%| F|  |TAMS 0x00000000a1c00000, 0x00000000a1c00000| Untracked 
|  17|0x00000000a1d00000, 0x00000000a1d00000, 0x00000000a1e00000|  0%| F|  |TAMS 0x00000000a1d00000, 0x00000000a1d00000| Untracked 
|  18|0x00000000a1e00000, 0x00000000a1e00000, 0x00000000a1f00000|  0%| F|  |TAMS 0x00000000a1e00000, 0x00000000a1e00000| Untracked 
|  19|0x00000000a1f00000, 0x00000000a1f00000, 0x00000000a2000000|  0%| F|  |TAMS 0x00000000a1f00000, 0x00000000a1f00000| Untracked 
|  20|0x00000000a2000000, 0x00000000a2000000, 0x00000000a2100000|  0%| F|  |TAMS 0x00000000a2000000, 0x00000000a2000000| Untracked 
|  21|0x00000000a2100000, 0x00000000a2100000, 0x00000000a2200000|  0%| F|  |TAMS 0x00000000a2100000, 0x00000000a2100000| Untracked 
|  22|0x00000000a2200000, 0x00000000a2200000, 0x00000000a2300000|  0%| F|  |TAMS 0x00000000a2200000, 0x00000000a2200000| Untracked 
|  23|0x00000000a2300000, 0x00000000a2300000, 0x00000000a2400000|  0%| F|  |TAMS 0x00000000a2300000, 0x00000000a2300000| Untracked 
|  24|0x00000000a2400000, 0x00000000a2400000, 0x00000000a2500000|  0%| F|  |TAMS 0x00000000a2400000, 0x00000000a2400000| Untracked 
|  25|0x00000000a2500000, 0x00000000a2500000, 0x00000000a2600000|  0%| F|  |TAMS 0x00000000a2500000, 0x00000000a2500000| Untracked 
|  26|0x00000000a2600000, 0x00000000a2600000, 0x00000000a2700000|  0%| F|  |TAMS 0x00000000a2600000, 0x00000000a2600000| Untracked 
|  27|0x00000000a2700000, 0x00000000a2700000, 0x00000000a2800000|  0%| F|  |TAMS 0x00000000a2700000, 0x00000000a2700000| Untracked 
|  28|0x00000000a2800000, 0x00000000a2800000, 0x00000000a2900000|  0%| F|  |TAMS 0x00000000a2800000, 0x00000000a2800000| Untracked 
|  29|0x00000000a2900000, 0x00000000a2900000, 0x00000000a2a00000|  0%| F|  |TAMS 0x00000000a2900000, 0x00000000a2900000| Untracked 
|  30|0x00000000a2a00000, 0x00000000a2a00000, 0x00000000a2b00000|  0%| F|  |TAMS 0x00000000a2a00000, 0x00000000a2a00000| Untracked 
|  31|0x00000000a2b00000, 0x00000000a2b00000, 0x00000000a2c00000|  0%| F|  |TAMS 0x00000000a2b00000, 0x00000000a2b00000| Untracked 
|  32|0x00000000a2c00000, 0x00000000a2c00000, 0x00000000a2d00000|  0%| F|  |TAMS 0x00000000a2c00000, 0x00000000a2c00000| Untracked 
|  33|0x00000000a2d00000, 0x00000000a2d00000, 0x00000000a2e00000|  0%| F|  |TAMS 0x00000000a2d00000, 0x00000000a2d00000| Untracked 
|  34|0x00000000a2e00000, 0x00000000a2e00000, 0x00000000a2f00000|  0%| F|  |TAMS 0x00000000a2e00000, 0x00000000a2e00000| Untracked 
|  35|0x00000000a2f00000, 0x00000000a2f00000, 0x00000000a3000000|  0%| F|  |TAMS 0x00000000a2f00000, 0x00000000a2f00000| Untracked 
|  36|0x00000000a3000000, 0x00000000a3000000, 0x00000000a3100000|  0%| F|  |TAMS 0x00000000a3000000, 0x00000000a3000000| Untracked 
|  37|0x00000000a3100000, 0x00000000a3100000, 0x00000000a3200000|  0%| F|  |TAMS 0x00000000a3100000, 0x00000000a3100000| Untracked 
|  38|0x00000000a3200000, 0x00000000a3200000, 0x00000000a3300000|  0%| F|  |TAMS 0x00000000a3200000, 0x00000000a3200000| Untracked 
|  39|0x00000000a3300000, 0x00000000a3300000, 0x00000000a3400000|  0%| F|  |TAMS 0x00000000a3300000, 0x00000000a3300000| Untracked 
|  40|0x00000000a3400000, 0x00000000a3400000, 0x00000000a3500000|  0%| F|  |TAMS 0x00000000a3400000, 0x00000000a3400000| Untracked 
|  41|0x00000000a3500000, 0x00000000a3500000, 0x00000000a3600000|  0%| F|  |TAMS 0x00000000a3500000, 0x00000000a3500000| Untracked 
|  42|0x00000000a3600000, 0x00000000a3600000, 0x00000000a3700000|  0%| F|  |TAMS 0x00000000a3600000, 0x00000000a3600000| Untracked 
|  43|0x00000000a3700000, 0x00000000a3700000, 0x00000000a3800000|  0%| F|  |TAMS 0x00000000a3700000, 0x00000000a3700000| Untracked 
|  44|0x00000000a3800000, 0x00000000a3800000, 0x00000000a3900000|  0%| F|  |TAMS 0x00000000a3800000, 0x00000000a3800000| Untracked 
|  45|0x00000000a3900000, 0x00000000a3900000, 0x00000000a3a00000|  0%| F|  |TAMS 0x00000000a3900000, 0x00000000a3900000| Untracked 
|  46|0x00000000a3a00000, 0x00000000a3a00000, 0x00000000a3b00000|  0%| F|  |TAMS 0x00000000a3a00000, 0x00000000a3a00000| Untracked 
|  47|0x00000000a3b00000, 0x00000000a3b00000, 0x00000000a3c00000|  0%| F|  |TAMS 0x00000000a3b00000, 0x00000000a3b00000| Untracked 
|  48|0x00000000a3c00000, 0x00000000a3c00000, 0x00000000a3d00000|  0%| F|  |TAMS 0x00000000a3c00000, 0x00000000a3c00000| Untracked 
|  49|0x00000000a3d00000, 0x00000000a3d00000, 0x00000000a3e00000|  0%| F|  |TAMS 0x00000000a3d00000, 0x00000000a3d00000| Untracked 
|  50|0x00000000a3e00000, 0x00000000a3e00000, 0x00000000a3f00000|  0%| F|  |TAMS 0x00000000a3e00000, 0x00000000a3e00000| Untracked 
|  51|0x00000000a3f00000, 0x00000000a3f00000, 0x00000000a4000000|  0%| F|  |TAMS 0x00000000a3f00000, 0x00000000a3f00000| Untracked 
|  52|0x00000000a4000000, 0x00000000a4000000, 0x00000000a4100000|  0%| F|  |TAMS 0x00000000a4000000, 0x00000000a4000000| Untracked 
|  53|0x00000000a4100000, 0x00000000a4100000, 0x00000000a4200000|  0%| F|  |TAMS 0x00000000a4100000, 0x00000000a4100000| Untracked 
|  54|0x00000000a4200000, 0x00000000a4200000, 0x00000000a4300000|  0%| F|  |TAMS 0x00000000a4200000, 0x00000000a4200000| Untracked 
|  55|0x00000000a4300000, 0x00000000a4300000, 0x00000000a4400000|  0%| F|  |TAMS 0x00000000a4300000, 0x00000000a4300000| Untracked 
|  56|0x00000000a4400000, 0x00000000a4400000, 0x00000000a4500000|  0%| F|  |TAMS 0x00000000a4400000, 0x00000000a4400000| Untracked 
|  57|0x00000000a4500000, 0x00000000a4500000, 0x00000000a4600000|  0%| F|  |TAMS 0x00000000a4500000, 0x00000000a4500000| Untracked 
|  58|0x00000000a4600000, 0x00000000a4600000, 0x00000000a4700000|  0%| F|  |TAMS 0x00000000a4600000, 0x00000000a4600000| Untracked 
|  59|0x00000000a4700000, 0x00000000a4700000, 0x00000000a4800000|  0%| F|  |TAMS 0x00000000a4700000, 0x00000000a4700000| Untracked 
|  60|0x00000000a4800000, 0x00000000a4800000, 0x00000000a4900000|  0%| F|  |TAMS 0x00000000a4800000, 0x00000000a4800000| Untracked 
|  61|0x00000000a4900000, 0x00000000a4900000, 0x00000000a4a00000|  0%| F|  |TAMS 0x00000000a4900000, 0x00000000a4900000| Untracked 
|  62|0x00000000a4a00000, 0x00000000a4a00000, 0x00000000a4b00000|  0%| F|  |TAMS 0x00000000a4a00000, 0x00000000a4a00000| Untracked 
|  63|0x00000000a4b00000, 0x00000000a4b00000, 0x00000000a4c00000|  0%| F|  |TAMS 0x00000000a4b00000, 0x00000000a4b00000| Untracked 
|  64|0x00000000a4c00000, 0x00000000a4c00000, 0x00000000a4d00000|  0%| F|  |TAMS 0x00000000a4c00000, 0x00000000a4c00000| Untracked 
|  65|0x00000000a4d00000, 0x00000000a4d00000, 0x00000000a4e00000|  0%| F|  |TAMS 0x00000000a4d00000, 0x00000000a4d00000| Untracked 
|  66|0x00000000a4e00000, 0x00000000a4e00000, 0x00000000a4f00000|  0%| F|  |TAMS 0x00000000a4e00000, 0x00000000a4e00000| Untracked 
|  67|0x00000000a4f00000, 0x00000000a4f00000, 0x00000000a5000000|  0%| F|  |TAMS 0x00000000a4f00000, 0x00000000a4f00000| Untracked 
|  68|0x00000000a5000000, 0x00000000a5000000, 0x00000000a5100000|  0%| F|  |TAMS 0x00000000a5000000, 0x00000000a5000000| Untracked 
|  69|0x00000000a5100000, 0x00000000a5100000, 0x00000000a5200000|  0%| F|  |TAMS 0x00000000a5100000, 0x00000000a5100000| Untracked 
|  70|0x00000000a5200000, 0x00000000a5200000, 0x00000000a5300000|  0%| F|  |TAMS 0x00000000a5200000, 0x00000000a5200000| Untracked 
|  71|0x00000000a5300000, 0x00000000a5300000, 0x00000000a5400000|  0%| F|  |TAMS 0x00000000a5300000, 0x00000000a5300000| Untracked 
|  72|0x00000000a5400000, 0x00000000a5400000, 0x00000000a5500000|  0%| F|  |TAMS 0x00000000a5400000, 0x00000000a5400000| Untracked 
|  73|0x00000000a5500000, 0x00000000a5500000, 0x00000000a5600000|  0%| F|  |TAMS 0x00000000a5500000, 0x00000000a5500000| Untracked 
|  74|0x00000000a5600000, 0x00000000a5600000, 0x00000000a5700000|  0%| F|  |TAMS 0x00000000a5600000, 0x00000000a5600000| Untracked 
|  75|0x00000000a5700000, 0x00000000a5700000, 0x00000000a5800000|  0%| F|  |TAMS 0x00000000a5700000, 0x00000000a5700000| Untracked 
|  76|0x00000000a5800000, 0x00000000a5800000, 0x00000000a5900000|  0%| F|  |TAMS 0x00000000a5800000, 0x00000000a5800000| Untracked 
|  77|0x00000000a5900000, 0x00000000a5900000, 0x00000000a5a00000|  0%| F|  |TAMS 0x00000000a5900000, 0x00000000a5900000| Untracked 
|  78|0x00000000a5a00000, 0x00000000a5a00000, 0x00000000a5b00000|  0%| F|  |TAMS 0x00000000a5a00000, 0x00000000a5a00000| Untracked 
|  79|0x00000000a5b00000, 0x00000000a5b00000, 0x00000000a5c00000|  0%| F|  |TAMS 0x00000000a5b00000, 0x00000000a5b00000| Untracked 
|  80|0x00000000a5c00000, 0x00000000a5c00000, 0x00000000a5d00000|  0%| F|  |TAMS 0x00000000a5c00000, 0x00000000a5c00000| Untracked 
|  81|0x00000000a5d00000, 0x00000000a5d00000, 0x00000000a5e00000|  0%| F|  |TAMS 0x00000000a5d00000, 0x00000000a5d00000| Untracked 
|  82|0x00000000a5e00000, 0x00000000a5e00000, 0x00000000a5f00000|  0%| F|  |TAMS 0x00000000a5e00000, 0x00000000a5e00000| Untracked 
|  83|0x00000000a5f00000, 0x00000000a5f00000, 0x00000000a6000000|  0%| F|  |TAMS 0x00000000a5f00000, 0x00000000a5f00000| Untracked 
|  84|0x00000000a6000000, 0x00000000a6100000, 0x00000000a6100000|100%| E|  |TAMS 0x00000000a6000000, 0x00000000a6000000| Complete 
|  85|0x00000000a6100000, 0x00000000a6200000, 0x00000000a6200000|100%| E|CS|TAMS 0x00000000a6100000, 0x00000000a6100000| Complete 
|  86|0x00000000a6200000, 0x00000000a6300000, 0x00000000a6300000|100%| E|CS|TAMS 0x00000000a6200000, 0x00000000a6200000| Complete 
|  87|0x00000000a6300000, 0x00000000a6400000, 0x00000000a6400000|100%| E|CS|TAMS 0x00000000a6300000, 0x00000000a6300000| Complete 
|  88|0x00000000a6400000, 0x00000000a6500000, 0x00000000a6500000|100%| E|CS|TAMS 0x00000000a6400000, 0x00000000a6400000| Complete 
|  89|0x00000000a6500000, 0x00000000a6600000, 0x00000000a6600000|100%| E|CS|TAMS 0x00000000a6500000, 0x00000000a6500000| Complete 
|  90|0x00000000a6600000, 0x00000000a6700000, 0x00000000a6700000|100%| E|CS|TAMS 0x00000000a6600000, 0x00000000a6600000| Complete 
|  91|0x00000000a6700000, 0x00000000a6800000, 0x00000000a6800000|100%| E|CS|TAMS 0x00000000a6700000, 0x00000000a6700000| Complete 
|  92|0x00000000a6800000, 0x00000000a6900000, 0x00000000a6900000|100%| E|CS|TAMS 0x00000000a6800000, 0x00000000a6800000| Complete 
|  93|0x00000000a6900000, 0x00000000a6a00000, 0x00000000a6a00000|100%| E|  |TAMS 0x00000000a6900000, 0x00000000a6900000| Complete 
|  94|0x00000000a6a00000, 0x00000000a6b00000, 0x00000000a6b00000|100%| E|CS|TAMS 0x00000000a6a00000, 0x00000000a6a00000| Complete 
|  95|0x00000000a6b00000, 0x00000000a6c00000, 0x00000000a6c00000|100%| E|CS|TAMS 0x00000000a6b00000, 0x00000000a6b00000| Complete 

Card table byte_map: [0x00000215fe540000,0x00000215fe840000] _byte_map_base: 0x00000215fe03a000

Marking Bits (Prev, Next): (CMBitMap*) 0x00000215f55fc268, (CMBitMap*) 0x00000215f55fc2a8
 Prev Bits: [0x000002158f000000, 0x00000215907d0000)
 Next Bits: [0x00000215907d0000, 0x0000021591fa0000)

Polling page: 0x00000215f3c50000

Metaspace:

Usage:
  Non-class:      5.58 MB capacity,     4.60 MB ( 82%) used,  1002.95 KB ( 18%) free+waste,     9.06 KB ( <1%) overhead. 
      Class:    754.00 KB capacity,   623.48 KB ( 83%) used,   125.27 KB ( 17%) free+waste,     5.25 KB ( <1%) overhead. 
       Both:      6.32 MB capacity,     5.21 MB ( 82%) used,     1.10 MB ( 17%) free+waste,    14.31 KB ( <1%) overhead. 

Virtual space:
  Non-class space:        8.00 MB reserved,       5.75 MB ( 72%) committed 
      Class space:        1.00 GB reserved,     768.00 KB ( <1%) committed 
             Both:        1.01 GB reserved,       6.50 MB ( <1%) committed 

Chunk freelists:
   Non-Class:  41.00 KB
       Class:  14.00 KB
        Both:  55.00 KB

MaxMetaspaceSize: 17179869184.00 GB
CompressedClassSpaceSize: 1.00 GB

CodeHeap 'non-profiled nmethods': size=120000Kb used=256Kb max_used=256Kb free=119744Kb
 bounds [0x0000021587ad0000, 0x0000021587d40000, 0x000002158f000000]
CodeHeap 'profiled nmethods': size=120000Kb used=1718Kb max_used=1718Kb free=118281Kb
 bounds [0x00000215805a0000, 0x0000021580810000, 0x0000021587ad0000]
CodeHeap 'non-nmethods': size=5760Kb used=1168Kb max_used=1183Kb free=4591Kb
 bounds [0x0000021580000000, 0x0000021580270000, 0x00000215805a0000]
 total_blobs=1732 nmethods=862 adapters=327
 compilation: enabled
              stopped_count=0, restarted_count=0
 full_count=0

Compilation events (20 events):
Event: 1.021 Thread 0x00000215ff119000  810  s    4       java.io.ByteArrayOutputStream::write (32 bytes)
Event: 1.021 Thread 0x00000215ff11a000 nmethod 818 0x0000021580730f90 code [0x0000021580731160, 0x00000215807314a0]
Event: 1.021 Thread 0x00000215ff11a000  819       3       java.security.Provider$ServiceKey::<init> (39 bytes)
Event: 1.021 Thread 0x00000215ff11a000 nmethod 819 0x0000021580731590 code [0x00000215807317a0, 0x0000021580731d30]
Event: 1.021 Thread 0x00000215ff11a000  820       1       java.security.Provider$Service::getProvider (5 bytes)
Event: 1.021 Thread 0x00000215ff11a000 nmethod 820 0x0000021587b0d210 code [0x0000021587b0d3a0, 0x0000021587b0d4d8]
Event: 1.021 Thread 0x00000215ff11a000  821       1       java.security.Provider$Service::getClassName (5 bytes)
Event: 1.021 Thread 0x00000215ff11a000 nmethod 821 0x0000021587b0d590 code [0x0000021587b0d720, 0x0000021587b0d858]
Event: 1.026 Thread 0x00000215ff119000 nmethod 810 0x0000021587b0de10 code [0x0000021587b0dfc0, 0x0000021587b0e6e8]
Event: 1.026 Thread 0x00000215ff119000  814       4       java.lang.Integer::parseInt (264 bytes)
Event: 1.029 Thread 0x00000215ff11a000  823       3       sun.security.util.ObjectIdentifier::checkOtherComponent (41 bytes)
Event: 1.030 Thread 0x00000215ff11a000 nmethod 823 0x0000021580731f10 code [0x0000021580732180, 0x0000021580732b10]
Event: 1.036 Thread 0x00000215ff11a000  824       3       sun.security.util.ObjectIdentifier::pack (219 bytes)
Event: 1.037 Thread 0x00000215ff11a000 nmethod 824 0x0000021580732e90 code [0x0000021580733080, 0x0000021580733730]
Event: 1.037 Thread 0x00000215ff11a000  825       3       sun.security.util.ObjectIdentifier::pack7Oid (84 bytes)
Event: 1.037 Thread 0x00000215ff11a000 nmethod 825 0x0000021580733990 code [0x0000021580733b60, 0x0000021580733f00]
Event: 1.038 Thread 0x00000215ff119000 nmethod 814 0x0000021587b0e910 code [0x0000021587b0eae0, 0x0000021587b0f2f8]
Event: 1.038 Thread 0x00000215ff119000  826       4       java.util.HashMap::put (13 bytes)
Event: 1.049 Thread 0x00000215ff11a000  827       3       java.lang.Class::reflectionData (43 bytes)
Event: 1.049 Thread 0x00000215ff11a000 nmethod 827 0x0000021580734090 code [0x0000021580734260, 0x0000021580734700]

GC Heap History (0 events):
No events

Deoptimization events (20 events):
Event: 1.010 Thread 0x00000215f55bc000 Uncommon trap: trap_request=0xffffffde fr.pc=0x0000021587b05d60 relative=0x0000000000000ac0
Event: 1.010 Thread 0x00000215f55bc000 Uncommon trap: reason=class_check action=maybe_recompile pc=0x0000021587b05d60 method=java.util.HashMap.putVal(ILjava/lang/Object;Ljava/lang/Object;ZZ)Ljava/lang/Object; @ 203 c2
Event: 1.010 Thread 0x00000215f55bc000 DEOPT PACKING pc=0x0000021587b05d60 sp=0x0000004267ffb9f0
Event: 1.010 Thread 0x00000215f55bc000 DEOPT UNPACKING pc=0x000002158004912f sp=0x0000004267ffb948 mode 2
Event: 1.011 Thread 0x00000215f55bc000 Uncommon trap: trap_request=0xffffffde fr.pc=0x0000021587b05d60 relative=0x0000000000000ac0
Event: 1.011 Thread 0x00000215f55bc000 Uncommon trap: reason=class_check action=maybe_recompile pc=0x0000021587b05d60 method=java.util.HashMap.putVal(ILjava/lang/Object;Ljava/lang/Object;ZZ)Ljava/lang/Object; @ 203 c2
Event: 1.011 Thread 0x00000215f55bc000 DEOPT PACKING pc=0x0000021587b05d60 sp=0x0000004267ffb9f0
Event: 1.011 Thread 0x00000215f55bc000 DEOPT UNPACKING pc=0x000002158004912f sp=0x0000004267ffb948 mode 2
Event: 1.011 Thread 0x00000215f55bc000 Uncommon trap: trap_request=0xffffffde fr.pc=0x0000021587b05d60 relative=0x0000000000000ac0
Event: 1.011 Thread 0x00000215f55bc000 Uncommon trap: reason=class_check action=maybe_recompile pc=0x0000021587b05d60 method=java.util.HashMap.putVal(ILjava/lang/Object;Ljava/lang/Object;ZZ)Ljava/lang/Object; @ 203 c2
Event: 1.011 Thread 0x00000215f55bc000 DEOPT PACKING pc=0x0000021587b05d60 sp=0x0000004267ffb9f0
Event: 1.011 Thread 0x00000215f55bc000 DEOPT UNPACKING pc=0x000002158004912f sp=0x0000004267ffb948 mode 2
Event: 1.012 Thread 0x00000215f55bc000 Uncommon trap: trap_request=0xffffffc6 fr.pc=0x0000021587afd34c relative=0x000000000000038c
Event: 1.012 Thread 0x00000215f55bc000 Uncommon trap: reason=bimorphic_or_optimized_type_check action=maybe_recompile pc=0x0000021587afd34c method=java.util.HashMap.getNode(ILjava/lang/Object;)Ljava/util/HashMap$Node; @ 126 c2
Event: 1.012 Thread 0x00000215f55bc000 DEOPT PACKING pc=0x0000021587afd34c sp=0x0000004267ffb9f0
Event: 1.012 Thread 0x00000215f55bc000 DEOPT UNPACKING pc=0x000002158004912f sp=0x0000004267ffb968 mode 2
Event: 1.014 Thread 0x00000215f55bc000 Uncommon trap: trap_request=0xffffffde fr.pc=0x0000021587b05d60 relative=0x0000000000000ac0
Event: 1.014 Thread 0x00000215f55bc000 Uncommon trap: reason=class_check action=maybe_recompile pc=0x0000021587b05d60 method=java.util.HashMap.putVal(ILjava/lang/Object;Ljava/lang/Object;ZZ)Ljava/lang/Object; @ 203 c2
Event: 1.014 Thread 0x00000215f55bc000 DEOPT PACKING pc=0x0000021587b05d60 sp=0x0000004267ffb9f0
Event: 1.014 Thread 0x00000215f55bc000 DEOPT UNPACKING pc=0x000002158004912f sp=0x0000004267ffb948 mode 2

Classes unloaded (0 events):
No events

Classes redefined (0 events):
No events

Internal exceptions (4 events):
Event: 0.232 Thread 0x00000215f55bc000 Exception <a 'java/io/FileNotFoundException'{0x00000000a6945638}> (0x00000000a6945638) 
thrown [t:/workspace/open/src/hotspot/share/prims/jni.cpp, line 598]
Event: 0.357 Thread 0x00000215f55bc000 Exception <a 'java/lang/NoSuchMethodError'{0x00000000a6888d88}: 'int java.lang.invoke.DirectMethodHandle$Holder.invokeSpecialIFC(java.lang.Object, java.lang.Object, int)'> (0x00000000a6888d88) 
thrown [t:/workspace/open/src/hotspot/share/interpreter/linkResolver.cpp, line 767]
Event: 0.633 Thread 0x00000215f55bc000 Exception <a 'java/lang/IncompatibleClassChangeError'{0x00000000a661ce48}: Found class java.lang.Object, but interface was expected> (0x00000000a661ce48) 
thrown [t:/workspace/open/src/hotspot/share/interpreter/linkResolver.cpp, line 833]
Event: 0.858 Thread 0x00000215f55bc000 Exception <a 'java/net/SocketException'{0x00000000a64d6c20}: Socket is not connected: shutdown> (0x00000000a64d6c20) 
thrown [t:/workspace/open/src/hotspot/share/prims/jni.cpp, line 619]

Events (20 events):
Event: 1.047 loading class sun/security/jca/ProviderList$ServiceList done
Event: 1.047 loading class sun/security/jca/ProviderList$ServiceList$1
Event: 1.047 loading class sun/security/jca/ProviderList$ServiceList$1 done
Event: 1.047 loading class sun/security/rsa/RSAKeyFactory$Legacy
Event: 1.047 loading class sun/security/rsa/RSAKeyFactory
Event: 1.048 loading class java/security/KeyFactorySpi
Event: 1.048 loading class java/security/KeyFactorySpi done
Event: 1.048 loading class sun/security/rsa/RSAKeyFactory done
Event: 1.048 loading class sun/security/rsa/RSAKeyFactory$Legacy done
Event: 1.048 loading class java/security/spec/RSAPublicKeySpec
Event: 1.048 loading class java/security/spec/RSAPublicKeySpec done
Event: 1.048 loading class java/security/spec/RSAPrivateKeySpec
Event: 1.048 loading class java/security/spec/RSAPrivateKeySpec done
Event: 1.048 loading class java/security/spec/RSAPrivateCrtKeySpec
Event: 1.048 loading class java/security/spec/RSAPrivateCrtKeySpec done
Event: 1.048 loading class java/security/spec/PKCS8EncodedKeySpec
Event: 1.049 loading class java/security/spec/PKCS8EncodedKeySpec done
Event: 1.049 loading class sun/security/rsa/RSAUtil$KeyType
Event: 1.049 loading class sun/security/rsa/RSAUtil$KeyType done
Event: 1.049 loading class sun/security/rsa/RSAPublicKeyImpl


Dynamic libraries:
0x00007ff60b3d0000 - 0x00007ff60b3df000 	C:\Program Files\Java\jdk-13.0.2\bin\java.exe
0x00007fff32c10000 - 0x00007fff32e04000 	C:\Windows\SYSTEM32\ntdll.dll
0x00007fff32480000 - 0x00007fff3253d000 	C:\Windows\System32\KERNEL32.DLL
0x00007fff30350000 - 0x00007fff30617000 	C:\Windows\System32\KERNELBASE.dll
0x00007fff30620000 - 0x00007fff30720000 	C:\Windows\System32\ucrtbase.dll
0x00007fff29550000 - 0x00007fff29568000 	C:\Program Files\Java\jdk-13.0.2\bin\jli.dll
0x00007fff32a80000 - 0x00007fff32b2a000 	C:\Windows\System32\ADVAPI32.dll
0x00007fff31720000 - 0x00007fff317be000 	C:\Windows\System32\msvcrt.dll
0x00007fff32b30000 - 0x00007fff32bcb000 	C:\Windows\System32\sechost.dll
0x00007fff311f0000 - 0x00007fff31313000 	C:\Windows\System32\RPCRT4.dll
0x00007fff31580000 - 0x00007fff31720000 	C:\Windows\System32\USER32.dll
0x00007fff30c40000 - 0x00007fff30c62000 	C:\Windows\System32\win32u.dll
0x00007fff31550000 - 0x00007fff3157a000 	C:\Windows\System32\GDI32.dll
0x00007fff307a0000 - 0x00007fff308aa000 	C:\Windows\System32\gdi32full.dll
0x00007fff30910000 - 0x00007fff309ad000 	C:\Windows\System32\msvcp_win.dll
0x00007fff29570000 - 0x00007fff29585000 	C:\Program Files\Java\jdk-13.0.2\bin\VCRUNTIME140.dll
0x00007fff1eb60000 - 0x00007fff1edfa000 	C:\Windows\WinSxS\amd64_microsoft.windows.common-controls_6595b64144ccf1df_6.0.19041.1_none_b555e41d4684ddec\COMCTL32.dll
0x00007fff26d70000 - 0x00007fff26d7a000 	C:\Windows\SYSTEM32\VERSION.dll
0x00007fff320c0000 - 0x00007fff320f0000 	C:\Windows\System32\IMM32.DLL
0x00007fff294b0000 - 0x00007fff2954b000 	C:\Program Files\Java\jdk-13.0.2\bin\msvcp140.dll
0x00007ffef1ea0000 - 0x00007ffef29fd000 	C:\Program Files\Java\jdk-13.0.2\bin\server\jvm.dll
0x00007fff32a70000 - 0x00007fff32a78000 	C:\Windows\System32\PSAPI.DLL
0x00007fff26d40000 - 0x00007fff26d67000 	C:\Windows\SYSTEM32\WINMM.dll
0x00007fff1f0e0000 - 0x00007fff1f0e9000 	C:\Windows\SYSTEM32\WSOCK32.dll
0x00007fff317c0000 - 0x00007fff3182b000 	C:\Windows\System32\WS2_32.dll
0x00007fff2e2e0000 - 0x00007fff2e2f3000 	C:\Windows\SYSTEM32\kernel.appcore.dll
0x00007fff2a670000 - 0x00007fff2a680000 	C:\Program Files\Java\jdk-13.0.2\bin\verify.dll
0x00007fff1f260000 - 0x00007fff1f444000 	C:\Windows\SYSTEM32\DBGHELP.DLL
0x00007fff1f0f0000 - 0x00007fff1f11c000 	C:\Windows\SYSTEM32\dbgcore.DLL
0x00007fff30b10000 - 0x00007fff30b8f000 	C:\Windows\System32\bcryptPrimitives.dll
0x00007fff29480000 - 0x00007fff294a6000 	C:\Program Files\Java\jdk-13.0.2\bin\java.dll
0x00007fff29f20000 - 0x00007fff29f2e000 	C:\Program Files\Java\jdk-13.0.2\bin\instrument.dll
0x00007fff29460000 - 0x00007fff29477000 	C:\Program Files\Java\jdk-13.0.2\bin\zip.dll
0x00007fff2a140000 - 0x00007fff2a14a000 	C:\Program Files\Java\jdk-13.0.2\bin\jimage.dll
0x00007fff31920000 - 0x00007fff32051000 	C:\Windows\System32\SHELL32.dll
0x00007fff2e4e0000 - 0x00007fff2ec6a000 	C:\Windows\SYSTEM32\windows.storage.dll
0x00007fff32540000 - 0x00007fff32894000 	C:\Windows\System32\combase.dll
0x00007fff2fd00000 - 0x00007fff2fd2b000 	C:\Windows\SYSTEM32\Wldp.dll
0x00007fff322a0000 - 0x00007fff3234e000 	C:\Windows\System32\SHCORE.dll
0x00007fff32060000 - 0x00007fff320b5000 	C:\Windows\System32\shlwapi.dll
0x00007fff30290000 - 0x00007fff302af000 	C:\Windows\SYSTEM32\profapi.dll
0x00007fff29440000 - 0x00007fff29459000 	C:\Program Files\Java\jdk-13.0.2\bin\net.dll
0x00007fff23730000 - 0x00007fff23832000 	C:\Windows\SYSTEM32\WINHTTP.dll
0x00007fff2fa80000 - 0x00007fff2faea000 	C:\Windows\system32\mswsock.dll
0x00007fff29420000 - 0x00007fff29433000 	C:\Program Files\Java\jdk-13.0.2\bin\nio.dll
0x00007fff29400000 - 0x00007fff2941a000 	C:\Program Files\JetBrains\IntelliJ IDEA Community Edition 2019.3.4\bin\breakgen64.dll
0x00007fff2f7b0000 - 0x00007fff2f87a000 	C:\Windows\SYSTEM32\DNSAPI.dll
0x00007fff2f770000 - 0x00007fff2f7ab000 	C:\Windows\SYSTEM32\IPHLPAPI.DLL
0x00007fff314a0000 - 0x00007fff314a9000 	C:\Windows\System32\NSI.dll
0x000000006a7b0000 - 0x000000006a7d6000 	C:\Program Files\Bonjour\mdnsNSP.dll
0x00007fff236d0000 - 0x00007fff236da000 	C:\Windows\System32\rasadhlp.dll
0x00007fff22e50000 - 0x00007fff22ecf000 	C:\Windows\System32\fwpuclnt.dll
0x00007fff30770000 - 0x00007fff30797000 	C:\Windows\System32\bcrypt.dll
0x00007fff293d0000 - 0x00007fff293de000 	C:\Program Files\Java\jdk-13.0.2\bin\sunmscapi.dll
0x00007fff309b0000 - 0x00007fff30b0d000 	C:\Windows\System32\CRYPT32.dll
0x00007fff2fd70000 - 0x00007fff2fd97000 	C:\Windows\SYSTEM32\ncrypt.dll
0x00007fff2fd30000 - 0x00007fff2fd6b000 	C:\Windows\SYSTEM32\NTASN1.dll
0x00007fff293a0000 - 0x00007fff293c5000 	C:\Program Files\Java\jdk-13.0.2\bin\sunec.dll

dbghelp: loaded successfully - version: 4.0.5 - missing functions: none
symbol engine: initialized successfully - sym options: 0x614 - pdb path: .;C:\Program Files\Java\jdk-13.0.2\bin;C:\Windows\SYSTEM32;C:\Windows\WinSxS\amd64_microsoft.windows.common-controls_6595b64144ccf1df_6.0.19041.1_none_b555e41d4684ddec;C:\Program Files\Java\jdk-13.0.2\bin\server;C:\Program Files\JetBrains\IntelliJ IDEA Community Edition 2019.3.4\bin;C:\Program Files\Bonjour

VM Arguments:
jvm_args: -ea --enable-preview -Didea.test.cyclic.buffer.size=1048576 -javaagent:C:\Program Files\JetBrains\IntelliJ IDEA Community Edition 2019.3.4\lib\idea_rt.jar=50427:C:\Program Files\JetBrains\IntelliJ IDEA Community Edition 2019.3.4\bin -Dfile.encoding=UTF-8 
java_command: com.intellij.rt.junit.JUnitStarter -ideVersion5 -junit4 ru.deliveryclub.FirstTest,firstTest
java_class_path (initial): C:\Program Files\JetBrains\IntelliJ IDEA Community Edition 2019.3.4\lib\idea_rt.jar;C:\Program Files\JetBrains\IntelliJ IDEA Community Edition 2019.3.4\plugins\junit\lib\junit5-rt.jar;C:\Program Files\JetBrains\IntelliJ IDEA Community Edition 2019.3.4\plugins\junit\lib\junit-rt.jar;C:\Users\Администратор\IdeaProjects\Delivery\target\test-classes;C:\Users\Администратор\.m2\repository\junit\junit\4.13\junit-4.13.jar;C:\Users\Администратор\.m2\repository\org\hamcrest\hamcrest-core\1.3\hamcrest-core-1.3.jar;C:\Users\Администратор\.m2\repository\org\seleniumhq\selenium\selenium-java\3.141.59\selenium-java-3.141.59.jar;C:\Users\Администратор\.m2\repository\org\seleniumhq\selenium\selenium-api\3.141.59\selenium-api-3.141.59.jar;C:\Users\Администратор\.m2\repository\org\seleniumhq\selenium\selenium-chrome-driver\3.141.59\selenium-chrome-driver-3.141.59.jar;C:\Users\Администратор\.m2\repository\org\seleniumhq\selenium\selenium-edge-driver\3.141.59\selenium-edge-driver-3.141.59.jar;C:\Users\Администратор\.m2\repository\org\seleniumhq\selenium\selenium-firefox-driver\3.141.59\selenium-firefox-driver-3.141.59.jar;C:\Users\Администратор\.m2\repository\org\seleniumhq\selenium\selenium-ie-driver\3.141.59\selenium-ie-driver-3.141.59.jar;C:\Users\Администратор\.m2\repository\org\seleniumhq\selenium\selenium-opera-driver\3.141.59\selenium-opera-driver-3.141.59.jar;C:\Users\Администратор\.m2\repository\org\seleniumhq\selenium\selenium-remote-driver\3.141.59\selenium-remote-driver-3.141.59.jar;C:\Users\Администратор\.m2\repository\org\seleniumhq\selenium\selenium-safari-driver\3.141.59\selenium-safari-driver-3.141.59.jar;C:\Users\Администратор\.m2\repository\org\seleniumhq\selenium\selenium-support\3.141.59\selenium-support-3.141.59.jar;C:\Users\Администратор\.m2\repository\net\bytebuddy\byte-buddy\1.8.15\byte-buddy-1.8.15.jar;C:\Users\Администратор\.m2\repository\org\apache\commons\commons-exec\1.3\commons-exec-1.3.jar;C:\Users\Администратор\.m2\repository
Launcher Type: SUN_STANDARD

[Global flags]
     intx CICompilerCount                          = 3                                         {product} {ergonomic}
     uint ConcGCThreads                            = 1                                         {product} {ergonomic}
     uint G1ConcRefinementThreads                  = 4                                         {product} {ergonomic}
   size_t G1HeapRegionSize                         = 1048576                                   {product} {ergonomic}
    uintx GCDrainStackTargetSize                   = 64                                        {product} {ergonomic}
   size_t InitialHeapSize                          = 100663296                                 {product} {ergonomic}
   size_t MarkStackSize                            = 4194304                                   {product} {ergonomic}
   size_t MaxHeapSize                              = 1598029824                                {product} {ergonomic}
   size_t MaxNewSize                               = 958398464                                 {product} {ergonomic}
   size_t MinHeapDeltaBytes                        = 1048576                                   {product} {ergonomic}
   size_t MinHeapSize                              = 8388608                                   {product} {ergonomic}
    uintx NonNMethodCodeHeapSize                   = 5832780                                {pd product} {ergonomic}
    uintx NonProfiledCodeHeapSize                  = 122912730                              {pd product} {ergonomic}
    uintx ProfiledCodeHeapSize                     = 122912730                              {pd product} {ergonomic}
    uintx ReservedCodeCacheSize                    = 251658240                              {pd product} {ergonomic}
     bool SegmentedCodeCache                       = true                                      {product} {ergonomic}
   size_t SoftMaxHeapSize                          = 1598029824                             {manageable} {ergonomic}
     bool UseCompressedClassPointers               = true                                 {lp64_product} {ergonomic}
     bool UseCompressedOops                        = true                                 {lp64_product} {ergonomic}
     bool UseG1GC                                  = true                                      {product} {ergonomic}
     bool UseLargePagesIndividualAllocation        = false                                  {pd product} {ergonomic}

Logging:
Log output configuration:
 #0: stdout all=warning uptime,level,tags
 #1: stderr all=off uptime,level,tags

Environment Variables:
JAVA_HOME=C:\Program Files\Java\jdk-13.0.2
PATH=C:\Windows\system32;C:\Windows;C:\Windows\System32\Wbem;C:\Windows\System32\WindowsPowerShell\v1.0\;C:\Windows\System32\OpenSSH\;C:\Program Files\Java\jdk-13.0.2\bin;C:\Program Files\apache-maven-3.6.3\bin;C:\Users\Администратор\AppData\Local\Microsoft\WindowsApps;;C:\Users\Администратор\AppData\Local\Programs\Fiddler
USERNAME=Администратор
OS=Windows_NT
PROCESSOR_IDENTIFIER=AMD64 Family 23 Model 24 Stepping 1, AuthenticAMD



---------------  S Y S T E M  ---------------

OS: Windows 10 , 64 bit Build 19041 (10.0.19041.1)

CPU:total 4 (initial active 4) (4 cores per cpu, 2 threads per core) family 23 model 24 stepping 1, cmov, cx8, fxsr, mmx, sse, sse2, sse3, ssse3, sse4.1, sse4.2, popcnt, avx, avx2, aes, clmul, mmxext, 3dnowpref, lzcnt, sse4a, ht, tsc, tscinvbit, tscinv, bmi1, bmi2, adx, sha, fma

Memory: 4k page, system-wide physical 6094M (2091M free)
TotalPageFile size 6094M (AvailPageFile size 4M)
current process WorkingSet (physical memory assigned to process): 61M, peak: 61M
current process commit charge ("private bytes"): 182M, peak: 183M

vm_info: Java HotSpot(TM) 64-Bit Server VM (13.0.2+8) for windows-amd64 JRE (13.0.2+8), built on Dec 11 2019 09:20:33 by "mach5one" with unknown MS VC++:1916

END.
