#
# There is insufficient memory for the Java Runtime Environment to continue.
# Native memory allocation (malloc) failed to allocate 312672 bytes for Chunk::new
# Possible reasons:
#   The system is out of physical RAM or swap space
#   The process is running with CompressedOops enabled, and the Java Heap may be blocking the growth of the native heap
# Possible solutions:
#   Reduce memory load on the system
#   Increase physical memory or swap space
#   Check if swap backing store is full
#   Decrease Java heap size (-Xmx/-Xms)
#   Decrease number of Java threads
#   Decrease Java thread stack sizes (-Xss)
#   Set larger code cache with -XX:ReservedCodeCacheSize=
#   JVM is running with Unscaled Compressed Oops mode in which the Java heap is
#     placed in the first 4GB address space. The Java Heap base address is the
#     maximum limit for the native heap growth. Please use -XX:HeapBaseMinAddress
#     to set the Java Heap base and to place the Java Heap above 4GB virtual address.
# This output file may be truncated or incomplete.
#
#  Out of Memory Error (t:/workspace/open/src/hotspot/share/memory/arena.cpp:196), pid=10756, tid=11204
#
# JRE version: Java(TM) SE Runtime Environment (13.0.2+8) (build 13.0.2+8)
# Java VM: Java HotSpot(TM) 64-Bit Server VM (13.0.2+8, mixed mode, sharing, tiered, compressed oops, g1 gc, windows-amd64)
# No core dump will be written. Minidumps are not enabled by default on client versions of Windows
#

---------------  S U M M A R Y ------------

Command Line: -ea --enable-preview -Didea.test.cyclic.buffer.size=1048576 -javaagent:C:\Program Files\JetBrains\IntelliJ IDEA Community Edition 2019.3.4\lib\idea_rt.jar=50434:C:\Program Files\JetBrains\IntelliJ IDEA Community Edition 2019.3.4\bin -Dfile.encoding=UTF-8 com.intellij.rt.junit.JUnitStarter -ideVersion5 -junit4 ru.deliveryclub.FirstTest,firstTest

Host: AMD Ryzen 3 3200U with Radeon Vega Mobile Gfx  , 4 cores, 5G,  Windows 10 , 64 bit Build 19041 (10.0.19041.1)
Time: Wed Apr  1 11:04:33 2020 RTZ 2 (зима) elapsed time: 2 seconds (0d 0h 0m 2s)

---------------  T H R E A D  ---------------

Current thread (0x0000015043835000):  JavaThread "C2 CompilerThread0" daemon [_thread_in_native, id=11204, stack(0x00000024bad00000,0x00000024bae00000)]


Current CompileTask:
C2:   2242 1430       4       jdk.internal.org.objectweb.asm.SymbolTable::addConstantUtf8 (98 bytes)

Stack: [0x00000024bad00000,0x00000024bae00000]
Native frames: (J=compiled Java code, j=interpreted, Vv=VM code, C=native code)
V  [jvm.dll+0x624f9a]
V  [jvm.dll+0x770cfa]
V  [jvm.dll+0x7724af]
V  [jvm.dll+0x772ab3]
V  [jvm.dll+0x24bf08]
V  [jvm.dll+0xc1e47]
V  [jvm.dll+0xc23cc]
V  [jvm.dll+0x35c0c5]
V  [jvm.dll+0x327803]
V  [jvm.dll+0x326bda]
V  [jvm.dll+0x205c27]
V  [jvm.dll+0x204e3f]
V  [jvm.dll+0x189c2c]
V  [jvm.dll+0x213e6d]
V  [jvm.dll+0x2120bb]
V  [jvm.dll+0x736bb6]
V  [jvm.dll+0x72fcaa]
V  [jvm.dll+0x623ea6]
C  [ucrtbase.dll+0x21542]
C  [KERNEL32.DLL+0x16fd4]
C  [ntdll.dll+0x4cf31]


---------------  P R O C E S S  ---------------

Threads class SMR info:
_java_thread_list=0x0000015044a8c330, length=16, elements={
0x0000015025cdc800, 0x0000015043811800, 0x0000015043816800, 0x0000015043832800,
0x0000015043834000, 0x0000015043835000, 0x00000150438a7800, 0x00000150438ac800,
0x00000150438ae800, 0x000001504433d000, 0x00000150442da000, 0x000001504462e800,
0x0000015044d39000, 0x0000015044c0b000, 0x0000015044c0c000, 0x0000015044c18000
}

Java Threads: ( => current thread )
  0x0000015025cdc800 JavaThread "Forwarding newSession on session null to remote" [_thread_in_vm, id=2164, stack(0x00000024ba200000,0x00000024ba300000)]
  0x0000015043811800 JavaThread "Reference Handler" daemon [_thread_blocked, id=10668, stack(0x00000024ba900000,0x00000024baa00000)]
  0x0000015043816800 JavaThread "Finalizer" daemon [_thread_blocked, id=688, stack(0x00000024baa00000,0x00000024bab00000)]
  0x0000015043832800 JavaThread "Signal Dispatcher" daemon [_thread_blocked, id=9720, stack(0x00000024bab00000,0x00000024bac00000)]
  0x0000015043834000 JavaThread "Attach Listener" daemon [_thread_blocked, id=10736, stack(0x00000024bac00000,0x00000024bad00000)]
=>0x0000015043835000 JavaThread "C2 CompilerThread0" daemon [_thread_in_native, id=11204, stack(0x00000024bad00000,0x00000024bae00000)]
  0x00000150438a7800 JavaThread "C1 CompilerThread0" daemon [_thread_blocked, id=7632, stack(0x00000024bae00000,0x00000024baf00000)]
  0x00000150438ac800 JavaThread "Sweeper thread" daemon [_thread_blocked, id=4612, stack(0x00000024baf00000,0x00000024bb000000)]
  0x00000150438ae800 JavaThread "Common-Cleaner" daemon [_thread_blocked, id=5636, stack(0x00000024bb000000,0x00000024bb100000)]
  0x000001504433d000 JavaThread "Monitor Ctrl-Break" daemon [_thread_in_native, id=8336, stack(0x00000024bb100000,0x00000024bb200000)]
  0x00000150442da000 JavaThread "Service Thread" daemon [_thread_blocked, id=11032, stack(0x00000024bb200000,0x00000024bb300000)]
  0x000001504462e800 JavaThread "Exec Default Executor" daemon [_thread_in_native, id=7016, stack(0x00000024bb400000,0x00000024bb500000)]
  0x0000015044d39000 JavaThread "UrlChecker-2" daemon [_thread_blocked, id=10868, stack(0x00000024bb600000,0x00000024bb700000)]
  0x0000015044c0b000 JavaThread "Exec Stream Pumper" daemon [_thread_in_native, id=1896, stack(0x00000024bb800000,0x00000024bb900000)]
  0x0000015044c0c000 JavaThread "Exec Stream Pumper" daemon [_thread_in_native, id=5008, stack(0x00000024bb900000,0x00000024bba00000)]
  0x0000015044c18000 JavaThread "Keep-Alive-Timer" daemon [_thread_blocked, id=10088, stack(0x00000024bba00000,0x00000024bbb00000)]

Other Threads:
  0x0000015043810000 VMThread "VM Thread" [stack: 0x00000024ba800000,0x00000024ba900000] [id=8644]
  0x00000150442db800 WatcherThread [stack: 0x00000024bb300000,0x00000024bb400000] [id=9444]
  0x0000015025d1a000 GCTaskThread "GC Thread#0" [stack: 0x00000024ba300000,0x00000024ba400000] [id=6544]
  0x00000150447a7000 GCTaskThread "GC Thread#1" [stack: 0x00000024bb500000,0x00000024bb600000] [id=9468]
  0x0000015025d28000 ConcurrentGCThread "G1 Main Marker" [stack: 0x00000024ba400000,0x00000024ba500000] [id=3860]
  0x0000015025d29800 ConcurrentGCThread "G1 Conc#0" [stack: 0x00000024ba500000,0x00000024ba600000] [id=9180]
  0x0000015025d9d000 ConcurrentGCThread "G1 Refine#0" [stack: 0x00000024ba600000,0x00000024ba700000] [id=7652]
  0x0000015025d9f000 ConcurrentGCThread "G1 Young RemSet Sampling" [stack: 0x00000024ba700000,0x00000024ba800000] [id=8128]

Threads with active compile tasks:
C2 CompilerThread0     2259 1430       4       jdk.internal.org.objectweb.asm.SymbolTable::addConstantUtf8 (98 bytes)

VM state:not at safepoint (normal execution)

VM Mutex/Monitor currently owned by a thread: None

Heap address: 0x00000000a0c00000, size: 1524 MB, Compressed Oops mode: 32-bit
Narrow klass base: 0x0000000800000000, Narrow klass shift: 3
Compressed class space size: 1073741824 Address: 0x0000000800b40000

Heap:
 garbage-first heap   total 98304K, used 8950K [0x00000000a0c00000, 0x0000000100000000)
  region size 1024K, 7 young (7168K), 2 survivors (2048K)
 Metaspace       used 9462K, capacity 9920K, committed 10112K, reserved 1062912K
  class space    used 1159K, capacity 1343K, committed 1408K, reserved 1048576K
Heap Regions: E=young(eden), S=young(survivor), O=old, HS=humongous(starts), HC=humongous(continues), CS=collection set, F=free, A=archive, TAMS=top-at-mark-start (previous, next)
|   0|0x00000000a0c00000, 0x00000000a0d00000, 0x00000000a0d00000|100%| O|  |TAMS 0x00000000a0c00000, 0x00000000a0c00000| Untracked 
|   1|0x00000000a0d00000, 0x00000000a0e00000, 0x00000000a0e00000|100%| O|  |TAMS 0x00000000a0d00000, 0x00000000a0d00000| Untracked 
|   2|0x00000000a0e00000, 0x00000000a0f00000, 0x00000000a0f00000|100%| O|  |TAMS 0x00000000a0e00000, 0x00000000a0e00000| Untracked 
|   3|0x00000000a0f00000, 0x00000000a0f81200, 0x00000000a1000000| 50%| O|  |TAMS 0x00000000a0f00000, 0x00000000a0f00000| Untracked 
|   4|0x00000000a1000000, 0x00000000a1000000, 0x00000000a1100000|  0%| F|  |TAMS 0x00000000a1000000, 0x00000000a1000000| Untracked 
|   5|0x00000000a1100000, 0x00000000a1100000, 0x00000000a1200000|  0%| F|  |TAMS 0x00000000a1100000, 0x00000000a1100000| Untracked 
|   6|0x00000000a1200000, 0x00000000a1200000, 0x00000000a1300000|  0%| F|  |TAMS 0x00000000a1200000, 0x00000000a1200000| Untracked 
|   7|0x00000000a1300000, 0x00000000a1300000, 0x00000000a1400000|  0%| F|  |TAMS 0x00000000a1300000, 0x00000000a1300000| Untracked 
|   8|0x00000000a1400000, 0x00000000a1400000, 0x00000000a1500000|  0%| F|  |TAMS 0x00000000a1400000, 0x00000000a1400000| Untracked 
|   9|0x00000000a1500000, 0x00000000a1500000, 0x00000000a1600000|  0%| F|  |TAMS 0x00000000a1500000, 0x00000000a1500000| Untracked 
|  10|0x00000000a1600000, 0x00000000a1600000, 0x00000000a1700000|  0%| F|  |TAMS 0x00000000a1600000, 0x00000000a1600000| Untracked 
|  11|0x00000000a1700000, 0x00000000a1700000, 0x00000000a1800000|  0%| F|  |TAMS 0x00000000a1700000, 0x00000000a1700000| Untracked 
|  12|0x00000000a1800000, 0x00000000a1800000, 0x00000000a1900000|  0%| F|  |TAMS 0x00000000a1800000, 0x00000000a1800000| Untracked 
|  13|0x00000000a1900000, 0x00000000a1900000, 0x00000000a1a00000|  0%| F|  |TAMS 0x00000000a1900000, 0x00000000a1900000| Untracked 
|  14|0x00000000a1a00000, 0x00000000a1a00000, 0x00000000a1b00000|  0%| F|  |TAMS 0x00000000a1a00000, 0x00000000a1a00000| Untracked 
|  15|0x00000000a1b00000, 0x00000000a1b00000, 0x00000000a1c00000|  0%| F|  |TAMS 0x00000000a1b00000, 0x00000000a1b00000| Untracked 
|  16|0x00000000a1c00000, 0x00000000a1c00000, 0x00000000a1d00000|  0%| F|  |TAMS 0x00000000a1c00000, 0x00000000a1c00000| Untracked 
|  17|0x00000000a1d00000, 0x00000000a1d00000, 0x00000000a1e00000|  0%| F|  |TAMS 0x00000000a1d00000, 0x00000000a1d00000| Untracked 
|  18|0x00000000a1e00000, 0x00000000a1e00000, 0x00000000a1f00000|  0%| F|  |TAMS 0x00000000a1e00000, 0x00000000a1e00000| Untracked 
|  19|0x00000000a1f00000, 0x00000000a1f00000, 0x00000000a2000000|  0%| F|  |TAMS 0x00000000a1f00000, 0x00000000a1f00000| Untracked 
|  20|0x00000000a2000000, 0x00000000a2000000, 0x00000000a2100000|  0%| F|  |TAMS 0x00000000a2000000, 0x00000000a2000000| Untracked 
|  21|0x00000000a2100000, 0x00000000a2100000, 0x00000000a2200000|  0%| F|  |TAMS 0x00000000a2100000, 0x00000000a2100000| Untracked 
|  22|0x00000000a2200000, 0x00000000a2200000, 0x00000000a2300000|  0%| F|  |TAMS 0x00000000a2200000, 0x00000000a2200000| Untracked 
|  23|0x00000000a2300000, 0x00000000a2300000, 0x00000000a2400000|  0%| F|  |TAMS 0x00000000a2300000, 0x00000000a2300000| Untracked 
|  24|0x00000000a2400000, 0x00000000a2400000, 0x00000000a2500000|  0%| F|  |TAMS 0x00000000a2400000, 0x00000000a2400000| Untracked 
|  25|0x00000000a2500000, 0x00000000a2500000, 0x00000000a2600000|  0%| F|  |TAMS 0x00000000a2500000, 0x00000000a2500000| Untracked 
|  26|0x00000000a2600000, 0x00000000a2600000, 0x00000000a2700000|  0%| F|  |TAMS 0x00000000a2600000, 0x00000000a2600000| Untracked 
|  27|0x00000000a2700000, 0x00000000a2700000, 0x00000000a2800000|  0%| F|  |TAMS 0x00000000a2700000, 0x00000000a2700000| Untracked 
|  28|0x00000000a2800000, 0x00000000a2800000, 0x00000000a2900000|  0%| F|  |TAMS 0x00000000a2800000, 0x00000000a2800000| Untracked 
|  29|0x00000000a2900000, 0x00000000a2900000, 0x00000000a2a00000|  0%| F|  |TAMS 0x00000000a2900000, 0x00000000a2900000| Untracked 
|  30|0x00000000a2a00000, 0x00000000a2a00000, 0x00000000a2b00000|  0%| F|  |TAMS 0x00000000a2a00000, 0x00000000a2a00000| Untracked 
|  31|0x00000000a2b00000, 0x00000000a2b00000, 0x00000000a2c00000|  0%| F|  |TAMS 0x00000000a2b00000, 0x00000000a2b00000| Untracked 
|  32|0x00000000a2c00000, 0x00000000a2c00000, 0x00000000a2d00000|  0%| F|  |TAMS 0x00000000a2c00000, 0x00000000a2c00000| Untracked 
|  33|0x00000000a2d00000, 0x00000000a2d00000, 0x00000000a2e00000|  0%| F|  |TAMS 0x00000000a2d00000, 0x00000000a2d00000| Untracked 
|  34|0x00000000a2e00000, 0x00000000a2e00000, 0x00000000a2f00000|  0%| F|  |TAMS 0x00000000a2e00000, 0x00000000a2e00000| Untracked 
|  35|0x00000000a2f00000, 0x00000000a2f00000, 0x00000000a3000000|  0%| F|  |TAMS 0x00000000a2f00000, 0x00000000a2f00000| Untracked 
|  36|0x00000000a3000000, 0x00000000a3000000, 0x00000000a3100000|  0%| F|  |TAMS 0x00000000a3000000, 0x00000000a3000000| Untracked 
|  37|0x00000000a3100000, 0x00000000a3100000, 0x00000000a3200000|  0%| F|  |TAMS 0x00000000a3100000, 0x00000000a3100000| Untracked 
|  38|0x00000000a3200000, 0x00000000a3200000, 0x00000000a3300000|  0%| F|  |TAMS 0x00000000a3200000, 0x00000000a3200000| Untracked 
|  39|0x00000000a3300000, 0x00000000a3300000, 0x00000000a3400000|  0%| F|  |TAMS 0x00000000a3300000, 0x00000000a3300000| Untracked 
|  40|0x00000000a3400000, 0x00000000a3400000, 0x00000000a3500000|  0%| F|  |TAMS 0x00000000a3400000, 0x00000000a3400000| Untracked 
|  41|0x00000000a3500000, 0x00000000a3500000, 0x00000000a3600000|  0%| F|  |TAMS 0x00000000a3500000, 0x00000000a3500000| Untracked 
|  42|0x00000000a3600000, 0x00000000a3600000, 0x00000000a3700000|  0%| F|  |TAMS 0x00000000a3600000, 0x00000000a3600000| Untracked 
|  43|0x00000000a3700000, 0x00000000a3700000, 0x00000000a3800000|  0%| F|  |TAMS 0x00000000a3700000, 0x00000000a3700000| Untracked 
|  44|0x00000000a3800000, 0x00000000a3800000, 0x00000000a3900000|  0%| F|  |TAMS 0x00000000a3800000, 0x00000000a3800000| Untracked 
|  45|0x00000000a3900000, 0x00000000a3900000, 0x00000000a3a00000|  0%| F|  |TAMS 0x00000000a3900000, 0x00000000a3900000| Untracked 
|  46|0x00000000a3a00000, 0x00000000a3a00000, 0x00000000a3b00000|  0%| F|  |TAMS 0x00000000a3a00000, 0x00000000a3a00000| Untracked 
|  47|0x00000000a3b00000, 0x00000000a3b00000, 0x00000000a3c00000|  0%| F|  |TAMS 0x00000000a3b00000, 0x00000000a3b00000| Untracked 
|  48|0x00000000a3c00000, 0x00000000a3c00000, 0x00000000a3d00000|  0%| F|  |TAMS 0x00000000a3c00000, 0x00000000a3c00000| Untracked 
|  49|0x00000000a3d00000, 0x00000000a3d00000, 0x00000000a3e00000|  0%| F|  |TAMS 0x00000000a3d00000, 0x00000000a3d00000| Untracked 
|  50|0x00000000a3e00000, 0x00000000a3e00000, 0x00000000a3f00000|  0%| F|  |TAMS 0x00000000a3e00000, 0x00000000a3e00000| Untracked 
|  51|0x00000000a3f00000, 0x00000000a3f00000, 0x00000000a4000000|  0%| F|  |TAMS 0x00000000a3f00000, 0x00000000a3f00000| Untracked 
|  52|0x00000000a4000000, 0x00000000a4000000, 0x00000000a4100000|  0%| F|  |TAMS 0x00000000a4000000, 0x00000000a4000000| Untracked 
|  53|0x00000000a4100000, 0x00000000a4100000, 0x00000000a4200000|  0%| F|  |TAMS 0x00000000a4100000, 0x00000000a4100000| Untracked 
|  54|0x00000000a4200000, 0x00000000a4200000, 0x00000000a4300000|  0%| F|  |TAMS 0x00000000a4200000, 0x00000000a4200000| Untracked 
|  55|0x00000000a4300000, 0x00000000a4300000, 0x00000000a4400000|  0%| F|  |TAMS 0x00000000a4300000, 0x00000000a4300000| Untracked 
|  56|0x00000000a4400000, 0x00000000a4400000, 0x00000000a4500000|  0%| F|  |TAMS 0x00000000a4400000, 0x00000000a4400000| Untracked 
|  57|0x00000000a4500000, 0x00000000a4500000, 0x00000000a4600000|  0%| F|  |TAMS 0x00000000a4500000, 0x00000000a4500000| Untracked 
|  58|0x00000000a4600000, 0x00000000a4600000, 0x00000000a4700000|  0%| F|  |TAMS 0x00000000a4600000, 0x00000000a4600000| Untracked 
|  59|0x00000000a4700000, 0x00000000a4700000, 0x00000000a4800000|  0%| F|  |TAMS 0x00000000a4700000, 0x00000000a4700000| Untracked 
|  60|0x00000000a4800000, 0x00000000a4800000, 0x00000000a4900000|  0%| F|  |TAMS 0x00000000a4800000, 0x00000000a4800000| Untracked 
|  61|0x00000000a4900000, 0x00000000a4900000, 0x00000000a4a00000|  0%| F|  |TAMS 0x00000000a4900000, 0x00000000a4900000| Untracked 
|  62|0x00000000a4a00000, 0x00000000a4a00000, 0x00000000a4b00000|  0%| F|  |TAMS 0x00000000a4a00000, 0x00000000a4a00000| Untracked 
|  63|0x00000000a4b00000, 0x00000000a4b00000, 0x00000000a4c00000|  0%| F|  |TAMS 0x00000000a4b00000, 0x00000000a4b00000| Untracked 
|  64|0x00000000a4c00000, 0x00000000a4c00000, 0x00000000a4d00000|  0%| F|  |TAMS 0x00000000a4c00000, 0x00000000a4c00000| Untracked 
|  65|0x00000000a4d00000, 0x00000000a4d00000, 0x00000000a4e00000|  0%| F|  |TAMS 0x00000000a4d00000, 0x00000000a4d00000| Untracked 
|  66|0x00000000a4e00000, 0x00000000a4e00000, 0x00000000a4f00000|  0%| F|  |TAMS 0x00000000a4e00000, 0x00000000a4e00000| Untracked 
|  67|0x00000000a4f00000, 0x00000000a4f00000, 0x00000000a5000000|  0%| F|  |TAMS 0x00000000a4f00000, 0x00000000a4f00000| Untracked 
|  68|0x00000000a5000000, 0x00000000a5000000, 0x00000000a5100000|  0%| F|  |TAMS 0x00000000a5000000, 0x00000000a5000000| Untracked 
|  69|0x00000000a5100000, 0x00000000a5100000, 0x00000000a5200000|  0%| F|  |TAMS 0x00000000a5100000, 0x00000000a5100000| Untracked 
|  70|0x00000000a5200000, 0x00000000a5200000, 0x00000000a5300000|  0%| F|  |TAMS 0x00000000a5200000, 0x00000000a5200000| Untracked 
|  71|0x00000000a5300000, 0x00000000a5300000, 0x00000000a5400000|  0%| F|  |TAMS 0x00000000a5300000, 0x00000000a5300000| Untracked 
|  72|0x00000000a5400000, 0x00000000a5400000, 0x00000000a5500000|  0%| F|  |TAMS 0x00000000a5400000, 0x00000000a5400000| Untracked 
|  73|0x00000000a5500000, 0x00000000a5500000, 0x00000000a5600000|  0%| F|  |TAMS 0x00000000a5500000, 0x00000000a5500000| Untracked 
|  74|0x00000000a5600000, 0x00000000a5600000, 0x00000000a5700000|  0%| F|  |TAMS 0x00000000a5600000, 0x00000000a5600000| Untracked 
|  75|0x00000000a5700000, 0x00000000a5700000, 0x00000000a5800000|  0%| F|  |TAMS 0x00000000a5700000, 0x00000000a5700000| Untracked 
|  76|0x00000000a5800000, 0x00000000a5800000, 0x00000000a5900000|  0%| F|  |TAMS 0x00000000a5800000, 0x00000000a5800000| Untracked 
|  77|0x00000000a5900000, 0x00000000a5900000, 0x00000000a5a00000|  0%| F|  |TAMS 0x00000000a5900000, 0x00000000a5900000| Untracked 
|  78|0x00000000a5a00000, 0x00000000a5a00000, 0x00000000a5b00000|  0%| F|  |TAMS 0x00000000a5a00000, 0x00000000a5a00000| Untracked 
|  79|0x00000000a5b00000, 0x00000000a5b00000, 0x00000000a5c00000|  0%| F|  |TAMS 0x00000000a5b00000, 0x00000000a5b00000| Untracked 
|  80|0x00000000a5c00000, 0x00000000a5c00000, 0x00000000a5d00000|  0%| F|  |TAMS 0x00000000a5c00000, 0x00000000a5c00000| Untracked 
|  81|0x00000000a5d00000, 0x00000000a5d00000, 0x00000000a5e00000|  0%| F|  |TAMS 0x00000000a5d00000, 0x00000000a5d00000| Untracked 
|  82|0x00000000a5e00000, 0x00000000a5e00000, 0x00000000a5f00000|  0%| F|  |TAMS 0x00000000a5e00000, 0x00000000a5e00000| Untracked 
|  83|0x00000000a5f00000, 0x00000000a5f00000, 0x00000000a6000000|  0%| F|  |TAMS 0x00000000a5f00000, 0x00000000a5f00000| Untracked 
|  84|0x00000000a6000000, 0x00000000a6000000, 0x00000000a6100000|  0%| F|  |TAMS 0x00000000a6000000, 0x00000000a6000000| Untracked 
|  85|0x00000000a6100000, 0x00000000a613c890, 0x00000000a6200000| 23%| S|CS|TAMS 0x00000000a6100000, 0x00000000a6100000| Complete 
|  86|0x00000000a6200000, 0x00000000a6300000, 0x00000000a6300000|100%| S|CS|TAMS 0x00000000a6200000, 0x00000000a6200000| Complete 
|  87|0x00000000a6300000, 0x00000000a6300000, 0x00000000a6400000|  0%| F|  |TAMS 0x00000000a6300000, 0x00000000a6300000| Untracked 
|  88|0x00000000a6400000, 0x00000000a6400000, 0x00000000a6500000|  0%| F|  |TAMS 0x00000000a6400000, 0x00000000a6400000| Untracked 
|  89|0x00000000a6500000, 0x00000000a6500000, 0x00000000a6600000|  0%| F|  |TAMS 0x00000000a6500000, 0x00000000a6500000| Untracked 
|  90|0x00000000a6600000, 0x00000000a6600000, 0x00000000a6700000|  0%| F|  |TAMS 0x00000000a6600000, 0x00000000a6600000| Untracked 
|  91|0x00000000a6700000, 0x00000000a6800000, 0x00000000a6800000|100%| E|  |TAMS 0x00000000a6700000, 0x00000000a6700000| Complete 
|  92|0x00000000a6800000, 0x00000000a6900000, 0x00000000a6900000|100%| E|CS|TAMS 0x00000000a6800000, 0x00000000a6800000| Complete 
|  93|0x00000000a6900000, 0x00000000a6a00000, 0x00000000a6a00000|100%| E|CS|TAMS 0x00000000a6900000, 0x00000000a6900000| Complete 
|  94|0x00000000a6a00000, 0x00000000a6b00000, 0x00000000a6b00000|100%| E|CS|TAMS 0x00000000a6a00000, 0x00000000a6a00000| Complete 
|  95|0x00000000a6b00000, 0x00000000a6c00000, 0x00000000a6c00000|100%| E|CS|TAMS 0x00000000a6b00000, 0x00000000a6b00000| Complete 

Card table byte_map: [0x000001503dc90000,0x000001503df90000] _byte_map_base: 0x000001503d78a000

Marking Bits (Prev, Next): (CMBitMap*) 0x0000015025d1b898, (CMBitMap*) 0x0000015025d1b8d8
 Prev Bits: [0x000001503e290000, 0x000001503fa60000)
 Next Bits: [0x000001503fa60000, 0x0000015041230000)

Polling page: 0x0000015024330000

Metaspace:

Usage:
  Non-class:      8.44 MB capacity,     8.15 MB ( 97%) used,   257.92 KB (  3%) free+waste,    36.81 KB ( <1%) overhead. 
      Class:      1.31 MB capacity,     1.13 MB ( 87%) used,   160.43 KB ( 12%) free+waste,    20.44 KB (  2%) overhead. 
       Both:      9.75 MB capacity,     9.29 MB ( 95%) used,   418.35 KB (  4%) free+waste,    57.25 KB ( <1%) overhead. 

Virtual space:
  Non-class space:       14.00 MB reserved,       8.50 MB ( 61%) committed 
      Class space:        1.00 GB reserved,       1.38 MB ( <1%) committed 
             Both:        1.01 GB reserved,       9.88 MB ( <1%) committed 

Chunk freelists:
   Non-Class:  63.00 KB
       Class:  1.00 KB
        Both:  64.00 KB

MaxMetaspaceSize: 17179869184.00 GB
CompressedClassSpaceSize: 1.00 GB

CodeHeap 'non-profiled nmethods': size=120000Kb used=483Kb max_used=483Kb free=119516Kb
 bounds [0x0000015035cd0000, 0x0000015035f40000, 0x000001503d200000]
CodeHeap 'profiled nmethods': size=120000Kb used=3008Kb max_used=3008Kb free=116991Kb
 bounds [0x000001502e7a0000, 0x000001502eaa0000, 0x0000015035cd0000]
CodeHeap 'non-nmethods': size=5760Kb used=1196Kb max_used=1210Kb free=4563Kb
 bounds [0x000001502e200000, 0x000001502e470000, 0x000001502e7a0000]
 total_blobs=2527 nmethods=1477 adapters=367
 compilation: enabled
              stopped_count=0, restarted_count=0
 full_count=0

Compilation events (20 events):
Event: 2.229 Thread 0x00000150438a7800 nmethod 1438 0x000001502ea78590 code [0x000001502ea78960, 0x000001502ea7a130]
Event: 2.233 Thread 0x00000150438a7800 1440       3       java.lang.Class::newReflectionData (66 bytes)
Event: 2.234 Thread 0x00000150438a7800 nmethod 1440 0x000001502ea7a910 code [0x000001502ea7ab40, 0x000001502ea7b550]
Event: 2.234 Thread 0x00000150438a7800 1443       3       sun.invoke.util.VerifyAccess::isTypeVisible (47 bytes)
Event: 2.234 Thread 0x00000150438a7800 nmethod 1443 0x000001502ea7b810 code [0x000001502ea7ba00, 0x000001502ea7be40]
Event: 2.234 Thread 0x00000150438a7800 1441       3       java.lang.invoke.BoundMethodHandle::<init> (32 bytes)
Event: 2.234 Thread 0x00000150438a7800 nmethod 1441 0x000001502ea7c010 code [0x000001502ea7c1c0, 0x000001502ea7c390]
Event: 2.235 Thread 0x00000150438a7800 1444       3       sun.invoke.util.Wrapper::isDoubleWord (15 bytes)
Event: 2.235 Thread 0x00000150438a7800 nmethod 1444 0x000001502ea7c410 code [0x000001502ea7c5c0, 0x000001502ea7c798]
Event: 2.236 Thread 0x00000150438a7800 1447   !   3       java.lang.invoke.MethodHandleNatives::linkMethodHandleConstant (50 bytes)
Event: 2.236 Thread 0x00000150438a7800 nmethod 1447 0x000001502ea7c810 code [0x000001502ea7c9e0, 0x000001502ea7cc30]
Event: 2.236 Thread 0x00000150438a7800 1448       3       java.lang.invoke.MethodHandles$Lookup::linkMethodHandleConstant (223 bytes)
Event: 2.238 Thread 0x00000150438a7800 nmethod 1448 0x000001502ea7cd90 code [0x000001502ea7d160, 0x000001502ea7ee80]
Event: 2.238 Thread 0x00000150438a7800 1450       3       sun.invoke.util.VerifyAccess::isMemberAccessible (313 bytes)
Event: 2.240 Thread 0x00000150438a7800 nmethod 1450 0x000001502ea7f710 code [0x000001502ea7fc00, 0x000001502ea82090]
Event: 2.240 Thread 0x00000150438a7800 1449       3       jdk.internal.reflect.MagicAccessorImpl::<init> (5 bytes)
Event: 2.240 Thread 0x00000150438a7800 nmethod 1449 0x000001502ea82b90 code [0x000001502ea82d40, 0x000001502ea82f18]
Event: 2.240 Thread 0x00000150438a7800 1453       1       java.lang.invoke.MethodHandleImpl$IntrinsicMethodHandle::getTarget (5 bytes)
Event: 2.240 Thread 0x00000150438a7800 nmethod 1453 0x0000015035d46310 code [0x0000015035d464a0, 0x0000015035d465d8]
Event: 2.240 Thread 0x00000150438a7800 1452       1       java.lang.invoke.MethodHandle::internalForm (5 bytes)

GC Heap History (4 events):
Event: 0.836 GC heap before
{Heap before GC invocations=0 (full 0):
 garbage-first heap   total 98304K, used 13312K [0x00000000a0c00000, 0x0000000100000000)
  region size 1024K, 14 young (14336K), 0 survivors (0K)
 Metaspace       used 5446K, capacity 6485K, committed 6656K, reserved 1056768K
  class space    used 630K, capacity 756K, committed 768K, reserved 1048576K
}
Event: 0.843 GC heap after
{Heap after GC invocations=1 (full 0):
 garbage-first heap   total 98304K, used 3531K [0x00000000a0c00000, 0x0000000100000000)
  region size 1024K, 2 young (2048K), 2 survivors (2048K)
 Metaspace       used 5446K, capacity 6485K, committed 6656K, reserved 1056768K
  class space    used 630K, capacity 756K, committed 768K, reserved 1048576K
}
Event: 2.141 GC heap before
{Heap before GC invocations=1 (full 0):
 garbage-first heap   total 98304K, used 12747K [0x00000000a0c00000, 0x0000000100000000)
  region size 1024K, 11 young (11264K), 2 survivors (2048K)
 Metaspace       used 8425K, capacity 8745K, committed 8832K, reserved 1056768K
  class space    used 985K, capacity 1089K, committed 1152K, reserved 1048576K
}
Event: 2.147 GC heap after
{Heap after GC invocations=2 (full 0):
 garbage-first heap   total 98304K, used 4854K [0x00000000a0c00000, 0x0000000100000000)
  region size 1024K, 2 young (2048K), 2 survivors (2048K)
 Metaspace       used 8425K, capacity 8745K, committed 8832K, reserved 1056768K
  class space    used 985K, capacity 1089K, committed 1152K, reserved 1048576K
}

Deoptimization events (20 events):
Event: 2.196 Thread 0x0000015025cdc800 Uncommon trap: trap_request=0xffffff45 fr.pc=0x0000015035d1a338 relative=0x0000000000000398
Event: 2.196 Thread 0x0000015025cdc800 Uncommon trap: reason=unstable_if action=reinterpret pc=0x0000015035d1a338 method=java.io.ByteArrayInputStream.read([BII)I @ 35 c2
Event: 2.196 Thread 0x0000015025cdc800 DEOPT PACKING pc=0x0000015035d1a338 sp=0x00000024ba2fd190
Event: 2.196 Thread 0x0000015025cdc800 DEOPT UNPACKING pc=0x000001502e24912f sp=0x00000024ba2fd150 mode 2
Event: 2.238 Thread 0x0000015025cdc800 Uncommon trap: trap_request=0xffffffde fr.pc=0x0000015035d40864 relative=0x0000000000000824
Event: 2.238 Thread 0x0000015025cdc800 Uncommon trap: reason=class_check action=maybe_recompile pc=0x0000015035d40864 method=java.util.regex.Matcher.search(I)Z @ 121 c2
Event: 2.238 Thread 0x0000015025cdc800 DEOPT PACKING pc=0x0000015035d40864 sp=0x00000024ba2fc5c0
Event: 2.238 Thread 0x0000015025cdc800 DEOPT UNPACKING pc=0x000001502e24912f sp=0x00000024ba2fc5a0 mode 2
Event: 2.238 Thread 0x0000015025cdc800 Uncommon trap: trap_request=0xffffffde fr.pc=0x0000015035d40864 relative=0x0000000000000824
Event: 2.238 Thread 0x0000015025cdc800 Uncommon trap: reason=class_check action=maybe_recompile pc=0x0000015035d40864 method=java.util.regex.Matcher.search(I)Z @ 121 c2
Event: 2.238 Thread 0x0000015025cdc800 DEOPT PACKING pc=0x0000015035d40864 sp=0x00000024ba2fc690
Event: 2.238 Thread 0x0000015025cdc800 DEOPT UNPACKING pc=0x000001502e24912f sp=0x00000024ba2fc670 mode 2
Event: 2.238 Thread 0x0000015025cdc800 Uncommon trap: trap_request=0xffffffde fr.pc=0x0000015035d40864 relative=0x0000000000000824
Event: 2.238 Thread 0x0000015025cdc800 Uncommon trap: reason=class_check action=maybe_recompile pc=0x0000015035d40864 method=java.util.regex.Matcher.search(I)Z @ 121 c2
Event: 2.238 Thread 0x0000015025cdc800 DEOPT PACKING pc=0x0000015035d40864 sp=0x00000024ba2fc770
Event: 2.238 Thread 0x0000015025cdc800 DEOPT UNPACKING pc=0x000001502e24912f sp=0x00000024ba2fc750 mode 2
Event: 2.238 Thread 0x0000015025cdc800 Uncommon trap: trap_request=0xffffffde fr.pc=0x0000015035d40864 relative=0x0000000000000824
Event: 2.238 Thread 0x0000015025cdc800 Uncommon trap: reason=class_check action=maybe_recompile pc=0x0000015035d40864 method=java.util.regex.Matcher.search(I)Z @ 121 c2
Event: 2.238 Thread 0x0000015025cdc800 DEOPT PACKING pc=0x0000015035d40864 sp=0x00000024ba2fc5c0
Event: 2.239 Thread 0x0000015025cdc800 DEOPT UNPACKING pc=0x000001502e24912f sp=0x00000024ba2fc5a0 mode 2

Classes unloaded (0 events):
No events

Classes redefined (0 events):
No events

Internal exceptions (20 events):
Event: 0.891 Thread 0x0000015025cdc800 Exception <a 'sun/nio/fs/WindowsException'{0x00000000a6af6500}> (0x00000000a6af6500) 
thrown [t:/workspace/open/src/hotspot/share/prims/jni.cpp, line 598]
Event: 0.903 Thread 0x0000015025cdc800 Exception <a 'java/lang/NoSuchMethodError'{0x00000000a6916f40}: 'int java.lang.invoke.DirectMethodHandle$Holder.invokeStaticInit(java.lang.Object, java.lang.Object, java.lang.Object, java.lang.Object)'> (0x00000000a6916f40) 
thrown [t:/workspace/open/src/hotspot/share/interpreter/linkResolver.cpp, line 767]
Event: 0.904 Thread 0x0000015025cdc800 Exception <a 'java/lang/IncompatibleClassChangeError'{0x00000000a691fb58}: Found class java.lang.Object, but interface was expected> (0x00000000a691fb58) 
thrown [t:/workspace/open/src/hotspot/share/interpreter/linkResolver.cpp, line 833]
Event: 0.905 Thread 0x0000015025cdc800 Exception <a 'java/lang/NoSuchMethodError'{0x00000000a6922d20}: 'void java.lang.invoke.DirectMethodHandle$Holder.invokeStaticInit(java.lang.Object, java.lang.Object)'> (0x00000000a6922d20) 
thrown [t:/workspace/open/src/hotspot/share/interpreter/linkResolver.cpp, line 767]
Event: 0.906 Thread 0x0000015025cdc800 Exception <a 'java/lang/NoSuchMethodError'{0x00000000a69283a8}: 'int java.lang.invoke.DirectMethodHandle$Holder.invokeStaticInit(java.lang.Object, java.lang.Object)'> (0x00000000a69283a8) 
thrown [t:/workspace/open/src/hotspot/share/interpreter/linkResolver.cpp, line 767]
Event: 1.375 Thread 0x0000015025cdc800 Exception <a 'java/lang/NoSuchMethodError'{0x00000000a6751dc8}: 'java.lang.Object java.lang.invoke.DirectMethodHandle$Holder.invokeStaticInit(java.lang.Object, java.lang.Object, int, int, int, int)'> (0x00000000a6751dc8) 
thrown [t:/workspace/open/src/hotspot/share/interpreter/linkResolver.cpp, line 767]
Event: 1.578 Thread 0x000001504462e800 Exception <a 'java/lang/NoSuchMethodError'{0x00000000a6413958}: 'void java.lang.invoke.DirectMethodHandle$Holder.invokeStatic(java.lang.Object, long)'> (0x00000000a6413958) 
thrown [t:/workspace/open/src/hotspot/share/interpreter/linkResolver.cpp, line 767]
Event: 1.581 Thread 0x000001504462e800 Exception <a 'java/lang/NoSuchMethodError'{0x00000000a64354c8}: 'java.lang.Object java.lang.invoke.DirectMethodHandle$Holder.invokeStaticInit(java.lang.Object, java.lang.Object, long, java.lang.Object)'> (0x00000000a64354c8) 
thrown [t:/workspace/open/src/hotspot/share/interpreter/linkResolver.cpp, line 767]
Event: 1.581 Thread 0x000001504462e800 Exception <a 'java/lang/NoSuchMethodError'{0x00000000a643b090}: 'java.lang.Object java.lang.invoke.Invokers$Holder.linkToTargetMethod(java.lang.Object, long, java.lang.Object)'> (0x00000000a643b090) 
thrown [t:/workspace/open/src/hotspot/share/interpreter/linkResolver.cpp, line 767]
Event: 2.069 Thread 0x0000015044d39000 Exception <a 'java/net/SocketException'{0x00000000a641fa48}: Socket is not connected: shutdown> (0x00000000a641fa48) 
thrown [t:/workspace/open/src/hotspot/share/prims/jni.cpp, line 619]
Event: 2.107 Thread 0x0000015025cdc800 Exception <a 'java/lang/NoSuchMethodError'{0x00000000a64d8d38}: 'java.lang.Object java.lang.invoke.DirectMethodHandle$Holder.invokeInterface(java.lang.Object, java.lang.Object, java.lang.Object)'> (0x00000000a64d8d38) 
thrown [t:/workspace/open/src/hotspot/share/interpreter/linkResolver.cpp, line 767]
Event: 2.107 Thread 0x0000015025cdc800 Exception <a 'java/lang/IncompatibleClassChangeError'{0x00000000a64dbda8}: Found class java.lang.Object, but interface was expected> (0x00000000a64dbda8) 
thrown [t:/workspace/open/src/hotspot/share/interpreter/linkResolver.cpp, line 833]
Event: 2.109 Thread 0x0000015025cdc800 Exception <a 'java/lang/NoSuchMethodError'{0x00000000a64e4180}: 'int java.lang.invoke.DirectMethodHandle$Holder.invokeSpecialIFC(java.lang.Object, java.lang.Object, java.lang.Object, java.lang.Object)'> (0x00000000a64e4180) 
thrown [t:/workspace/open/src/hotspot/share/interpreter/linkResolver.cpp, line 767]
Event: 2.110 Thread 0x0000015025cdc800 Exception <a 'java/lang/NoSuchMethodError'{0x00000000a64ebdf8}: 'java.lang.Object java.lang.invoke.DirectMethodHandle$Holder.invokeInterface(java.lang.Object, java.lang.Object, java.lang.Object, java.lang.Object)'> (0x00000000a64ebdf8) 
thrown [t:/workspace/open/src/hotspot/share/interpreter/linkResolver.cpp, line 767]
Event: 2.116 Thread 0x0000015025cdc800 Exception <a 'java/lang/NoSuchMethodError'{0x00000000a6310c68}: 'java.lang.Object java.lang.invoke.DirectMethodHandle$Holder.invokeVirtual(java.lang.Object, java.lang.Object, java.lang.Object)'> (0x00000000a6310c68) 
thrown [t:/workspace/open/src/hotspot/share/interpreter/linkResolver.cpp, line 767]
Event: 2.140 Thread 0x0000015025cdc800 Exception <a 'java/lang/NoSuchMethodError'{0x00000000a63f5a08}: 'int java.lang.invoke.DirectMethodHandle$Holder.invokeVirtual(java.lang.Object, java.lang.Object)'> (0x00000000a63f5a08) 
thrown [t:/workspace/open/src/hotspot/share/interpreter/linkResolver.cpp, line 767]
Event: 2.141 Thread 0x0000015025cdc800 Exception <a 'java/lang/NoSuchMethodError'{0x00000000a63fb048}: 'double java.lang.invoke.DirectMethodHandle$Holder.invokeVirtual(java.lang.Object, java.lang.Object)'> (0x00000000a63fb048) 
thrown [t:/workspace/open/src/hotspot/share/interpreter/linkResolver.cpp, line 767]
Event: 2.147 Thread 0x0000015025cdc800 Exception <a 'java/lang/NoSuchMethodError'{0x00000000a6b00e88}: 'float java.lang.invoke.DirectMethodHandle$Holder.invokeVirtual(java.lang.Object, java.lang.Object)'> (0x00000000a6b00e88) 
thrown [t:/workspace/open/src/hotspot/share/interpreter/linkResolver.cpp, line 767]
Event: 2.148 Thread 0x0000015025cdc800 Exception <a 'java/lang/NoSuchMethodError'{0x00000000a6b089f0}: 'long java.lang.invoke.DirectMethodHandle$Holder.invokeVirtual(java.lang.Object, java.lang.Object)'> (0x00000000a6b089f0) 
thrown [t:/workspace/open/src/hotspot/share/interpreter/linkResolver.cpp, line 767]
Event: 2.237 Thread 0x0000015025cdc800 Exception <a 'java/lang/NoSuchMethodError'{0x00000000a68cad10}: 'void java.lang.invoke.DirectMethodHandle$Holder.invokeStatic(java.lang.Object, java.lang.Object, java.lang.Object, java.lang.Object, java.lang.Object)'> (0x00000000a68cad10) 
thrown [t:/workspace/open/src/hotspot/share/interpreter/linkResolver.cpp, line 767]

Events (20 events):
Event: 2.223 loading class com/google/common/collect/ImmutableSortedAsList
Event: 2.223 loading class com/google/common/collect/ImmutableSortedAsList done
Event: 2.227 loading class org/openqa/selenium/remote/session/CapabilitiesFilter
Event: 2.227 loading class org/openqa/selenium/remote/session/CapabilitiesFilter done
Event: 2.229 loading class java/util/TreeMap$EntrySpliterator
Event: 2.229 loading class java/util/TreeMap$TreeMapSpliterator
Event: 2.229 loading class java/util/TreeMap$TreeMapSpliterator done
Event: 2.230 loading class java/util/TreeMap$EntrySpliterator done
Event: 2.231 loading class java/util/stream/DistinctOps
Event: 2.231 loading class java/util/stream/DistinctOps done
Event: 2.231 loading class java/util/stream/DistinctOps$1
Event: 2.232 loading class java/util/stream/ReferencePipeline$StatefulOp
Event: 2.232 loading class java/util/stream/ReferencePipeline$StatefulOp done
Event: 2.232 loading class java/util/stream/DistinctOps$1 done
Event: 2.232 Executing VM operation: Deoptimize
Event: 2.232 Executing VM operation: Deoptimize done
Event: 2.238 Executing VM operation: CollectForMetadataAllocation
Event: 2.238 Executing VM operation: CollectForMetadataAllocation done
Event: 2.240 loading class com/google/common/collect/ImmutableMap$Builder
Event: 2.240 loading class com/google/common/collect/ImmutableMap$Builder done


Dynamic libraries:
0x00007ff60b3d0000 - 0x00007ff60b3df000 	C:\Program Files\Java\jdk-13.0.2\bin\java.exe
0x00007fff32c10000 - 0x00007fff32e04000 	C:\Windows\SYSTEM32\ntdll.dll
0x00007fff32480000 - 0x00007fff3253d000 	C:\Windows\System32\KERNEL32.DLL
0x00007fff30350000 - 0x00007fff30617000 	C:\Windows\System32\KERNELBASE.dll
0x00007fff30620000 - 0x00007fff30720000 	C:\Windows\System32\ucrtbase.dll
0x00007fff29570000 - 0x00007fff29588000 	C:\Program Files\Java\jdk-13.0.2\bin\jli.dll
0x00007fff32a80000 - 0x00007fff32b2a000 	C:\Windows\System32\ADVAPI32.dll
0x00007fff31720000 - 0x00007fff317be000 	C:\Windows\System32\msvcrt.dll
0x00007fff32b30000 - 0x00007fff32bcb000 	C:\Windows\System32\sechost.dll
0x00007fff311f0000 - 0x00007fff31313000 	C:\Windows\System32\RPCRT4.dll
0x00007fff31580000 - 0x00007fff31720000 	C:\Windows\System32\USER32.dll
0x00007fff30c40000 - 0x00007fff30c62000 	C:\Windows\System32\win32u.dll
0x00007fff31550000 - 0x00007fff3157a000 	C:\Windows\System32\GDI32.dll
0x00007fff307a0000 - 0x00007fff308aa000 	C:\Windows\System32\gdi32full.dll
0x00007fff29550000 - 0x00007fff29565000 	C:\Program Files\Java\jdk-13.0.2\bin\VCRUNTIME140.dll
0x00007fff30910000 - 0x00007fff309ad000 	C:\Windows\System32\msvcp_win.dll
0x00007fff1eb60000 - 0x00007fff1edfa000 	C:\Windows\WinSxS\amd64_microsoft.windows.common-controls_6595b64144ccf1df_6.0.19041.1_none_b555e41d4684ddec\COMCTL32.dll
0x00007fff26d70000 - 0x00007fff26d7a000 	C:\Windows\SYSTEM32\VERSION.dll
0x00007fff320c0000 - 0x00007fff320f0000 	C:\Windows\System32\IMM32.DLL
0x00007fff294b0000 - 0x00007fff2954b000 	C:\Program Files\Java\jdk-13.0.2\bin\msvcp140.dll
0x00007ffef1ea0000 - 0x00007ffef29fd000 	C:\Program Files\Java\jdk-13.0.2\bin\server\jvm.dll
0x00007fff32a70000 - 0x00007fff32a78000 	C:\Windows\System32\PSAPI.DLL
0x00007fff1f0e0000 - 0x00007fff1f0e9000 	C:\Windows\SYSTEM32\WSOCK32.dll
0x00007fff317c0000 - 0x00007fff3182b000 	C:\Windows\System32\WS2_32.dll
0x00007fff26d40000 - 0x00007fff26d67000 	C:\Windows\SYSTEM32\WINMM.dll
0x00007fff2e2e0000 - 0x00007fff2e2f3000 	C:\Windows\SYSTEM32\kernel.appcore.dll
0x00007fff2a670000 - 0x00007fff2a680000 	C:\Program Files\Java\jdk-13.0.2\bin\verify.dll
0x00007fff1f260000 - 0x00007fff1f444000 	C:\Windows\SYSTEM32\DBGHELP.DLL
0x00007fff1f0f0000 - 0x00007fff1f11c000 	C:\Windows\SYSTEM32\dbgcore.DLL
0x00007fff30b10000 - 0x00007fff30b8f000 	C:\Windows\System32\bcryptPrimitives.dll
0x00007fff29480000 - 0x00007fff294a6000 	C:\Program Files\Java\jdk-13.0.2\bin\java.dll
0x00007fff2a140000 - 0x00007fff2a14e000 	C:\Program Files\Java\jdk-13.0.2\bin\instrument.dll
0x00007fff29460000 - 0x00007fff29477000 	C:\Program Files\Java\jdk-13.0.2\bin\zip.dll
0x00007fff29f20000 - 0x00007fff29f2a000 	C:\Program Files\Java\jdk-13.0.2\bin\jimage.dll
0x00007fff31920000 - 0x00007fff32051000 	C:\Windows\System32\SHELL32.dll
0x00007fff2e4e0000 - 0x00007fff2ec6a000 	C:\Windows\SYSTEM32\windows.storage.dll
0x00007fff32540000 - 0x00007fff32894000 	C:\Windows\System32\combase.dll
0x00007fff2fd00000 - 0x00007fff2fd2b000 	C:\Windows\SYSTEM32\Wldp.dll
0x00007fff322a0000 - 0x00007fff3234e000 	C:\Windows\System32\SHCORE.dll
0x00007fff32060000 - 0x00007fff320b5000 	C:\Windows\System32\shlwapi.dll
0x00007fff30290000 - 0x00007fff302af000 	C:\Windows\SYSTEM32\profapi.dll
0x00007fff29440000 - 0x00007fff29459000 	C:\Program Files\Java\jdk-13.0.2\bin\net.dll
0x00007fff23730000 - 0x00007fff23832000 	C:\Windows\SYSTEM32\WINHTTP.dll
0x00007fff2fa80000 - 0x00007fff2faea000 	C:\Windows\system32\mswsock.dll
0x00007fff29420000 - 0x00007fff29433000 	C:\Program Files\Java\jdk-13.0.2\bin\nio.dll
0x00007fff29400000 - 0x00007fff2941a000 	C:\Program Files\JetBrains\IntelliJ IDEA Community Edition 2019.3.4\bin\breakgen64.dll
0x00007fff2f7b0000 - 0x00007fff2f87a000 	C:\Windows\SYSTEM32\DNSAPI.dll
0x00007fff2f770000 - 0x00007fff2f7ab000 	C:\Windows\SYSTEM32\IPHLPAPI.DLL
0x00007fff314a0000 - 0x00007fff314a9000 	C:\Windows\System32\NSI.dll
0x000000006a7b0000 - 0x000000006a7d6000 	C:\Program Files\Bonjour\mdnsNSP.dll
0x00007fff236d0000 - 0x00007fff236da000 	C:\Windows\System32\rasadhlp.dll
0x00007fff22e50000 - 0x00007fff22ecf000 	C:\Windows\System32\fwpuclnt.dll
0x00007fff30770000 - 0x00007fff30797000 	C:\Windows\System32\bcrypt.dll
0x00007fff293f0000 - 0x00007fff293fe000 	C:\Program Files\Java\jdk-13.0.2\bin\sunmscapi.dll
0x00007fff309b0000 - 0x00007fff30b0d000 	C:\Windows\System32\CRYPT32.dll
0x00007fff2fd70000 - 0x00007fff2fd97000 	C:\Windows\SYSTEM32\ncrypt.dll
0x00007fff2fd30000 - 0x00007fff2fd6b000 	C:\Windows\SYSTEM32\NTASN1.dll
0x00007fff293c0000 - 0x00007fff293e5000 	C:\Program Files\Java\jdk-13.0.2\bin\sunec.dll
0x00007fff2fc50000 - 0x00007fff2fc68000 	C:\Windows\SYSTEM32\CRYPTSP.dll
0x00007fff2f410000 - 0x00007fff2f444000 	C:\Windows\system32\rsaenh.dll
0x00007fff30250000 - 0x00007fff3027e000 	C:\Windows\SYSTEM32\USERENV.dll
0x00007fff2fc70000 - 0x00007fff2fc7c000 	C:\Windows\SYSTEM32\CRYPTBASE.dll
0x00007fff27750000 - 0x00007fff27767000 	C:\Windows\SYSTEM32\dhcpcsvc6.DLL
0x00007fff27730000 - 0x00007fff2774d000 	C:\Windows\SYSTEM32\dhcpcsvc.DLL
0x00007fff2dcd0000 - 0x00007fff2dd60000 	C:\Windows\system32\apphelp.dll

dbghelp: loaded successfully - version: 4.0.5 - missing functions: none
symbol engine: initialized successfully - sym options: 0x614 - pdb path: .;C:\Program Files\Java\jdk-13.0.2\bin;C:\Windows\SYSTEM32;C:\Windows\WinSxS\amd64_microsoft.windows.common-controls_6595b64144ccf1df_6.0.19041.1_none_b555e41d4684ddec;C:\Program Files\Java\jdk-13.0.2\bin\server;C:\Program Files\JetBrains\IntelliJ IDEA Community Edition 2019.3.4\bin;C:\Program Files\Bonjour

VM Arguments:
jvm_args: -ea --enable-preview -Didea.test.cyclic.buffer.size=1048576 -javaagent:C:\Program Files\JetBrains\IntelliJ IDEA Community Edition 2019.3.4\lib\idea_rt.jar=50434:C:\Program Files\JetBrains\IntelliJ IDEA Community Edition 2019.3.4\bin -Dfile.encoding=UTF-8 
java_command: com.intellij.rt.junit.JUnitStarter -ideVersion5 -junit4 ru.deliveryclub.FirstTest,firstTest
java_class_path (initial): C:\Program Files\JetBrains\IntelliJ IDEA Community Edition 2019.3.4\lib\idea_rt.jar;C:\Program Files\JetBrains\IntelliJ IDEA Community Edition 2019.3.4\plugins\junit\lib\junit5-rt.jar;C:\Program Files\JetBrains\IntelliJ IDEA Community Edition 2019.3.4\plugins\junit\lib\junit-rt.jar;C:\Users\Администратор\IdeaProjects\Delivery\target\test-classes;C:\Users\Администратор\.m2\repository\junit\junit\4.13\junit-4.13.jar;C:\Users\Администратор\.m2\repository\org\hamcrest\hamcrest-core\1.3\hamcrest-core-1.3.jar;C:\Users\Администратор\.m2\repository\org\seleniumhq\selenium\selenium-java\3.141.59\selenium-java-3.141.59.jar;C:\Users\Администратор\.m2\repository\org\seleniumhq\selenium\selenium-api\3.141.59\selenium-api-3.141.59.jar;C:\Users\Администратор\.m2\repository\org\seleniumhq\selenium\selenium-chrome-driver\3.141.59\selenium-chrome-driver-3.141.59.jar;C:\Users\Администратор\.m2\repository\org\seleniumhq\selenium\selenium-edge-driver\3.141.59\selenium-edge-driver-3.141.59.jar;C:\Users\Администратор\.m2\repository\org\seleniumhq\selenium\selenium-firefox-driver\3.141.59\selenium-firefox-driver-3.141.59.jar;C:\Users\Администратор\.m2\repository\org\seleniumhq\selenium\selenium-ie-driver\3.141.59\selenium-ie-driver-3.141.59.jar;C:\Users\Администратор\.m2\repository\org\seleniumhq\selenium\selenium-opera-driver\3.141.59\selenium-opera-driver-3.141.59.jar;C:\Users\Администратор\.m2\repository\org\seleniumhq\selenium\selenium-remote-driver\3.141.59\selenium-remote-driver-3.141.59.jar;C:\Users\Администратор\.m2\repository\org\seleniumhq\selenium\selenium-safari-driver\3.141.59\selenium-safari-driver-3.141.59.jar;C:\Users\Администратор\.m2\repository\org\seleniumhq\selenium\selenium-support\3.141.59\selenium-support-3.141.59.jar;C:\Users\Администратор\.m2\repository\net\bytebuddy\byte-buddy\1.8.15\byte-buddy-1.8.15.jar;C:\Users\Администратор\.m2\repository\org\apache\commons\commons-exec\1.3\commons-exec-1.3.jar;C:\Users\Администратор\.m2\repository
Launcher Type: SUN_STANDARD

[Global flags]
     intx CICompilerCount                          = 3                                         {product} {ergonomic}
     uint ConcGCThreads                            = 1                                         {product} {ergonomic}
     uint G1ConcRefinementThreads                  = 4                                         {product} {ergonomic}
   size_t G1HeapRegionSize                         = 1048576                                   {product} {ergonomic}
    uintx GCDrainStackTargetSize                   = 64                                        {product} {ergonomic}
   size_t InitialHeapSize                          = 100663296                                 {product} {ergonomic}
   size_t MarkStackSize                            = 4194304                                   {product} {ergonomic}
   size_t MaxHeapSize                              = 1598029824                                {product} {ergonomic}
   size_t MaxNewSize                               = 958398464                                 {product} {ergonomic}
   size_t MinHeapDeltaBytes                        = 1048576                                   {product} {ergonomic}
   size_t MinHeapSize                              = 8388608                                   {product} {ergonomic}
    uintx NonNMethodCodeHeapSize                   = 5832780                                {pd product} {ergonomic}
    uintx NonProfiledCodeHeapSize                  = 122912730                              {pd product} {ergonomic}
    uintx ProfiledCodeHeapSize                     = 122912730                              {pd product} {ergonomic}
    uintx ReservedCodeCacheSize                    = 251658240                              {pd product} {ergonomic}
     bool SegmentedCodeCache                       = true                                      {product} {ergonomic}
   size_t SoftMaxHeapSize                          = 1598029824                             {manageable} {ergonomic}
     bool UseCompressedClassPointers               = true                                 {lp64_product} {ergonomic}
     bool UseCompressedOops                        = true                                 {lp64_product} {ergonomic}
     bool UseG1GC                                  = true                                      {product} {ergonomic}
     bool UseLargePagesIndividualAllocation        = false                                  {pd product} {ergonomic}

Logging:
Log output configuration:
 #0: stdout all=warning uptime,level,tags
 #1: stderr all=off uptime,level,tags

Environment Variables:
JAVA_HOME=C:\Program Files\Java\jdk-13.0.2
PATH=C:\Windows\system32;C:\Windows;C:\Windows\System32\Wbem;C:\Windows\System32\WindowsPowerShell\v1.0\;C:\Windows\System32\OpenSSH\;C:\Program Files\Java\jdk-13.0.2\bin;C:\Program Files\apache-maven-3.6.3\bin;C:\Users\Администратор\AppData\Local\Microsoft\WindowsApps;;C:\Users\Администратор\AppData\Local\Programs\Fiddler
USERNAME=Администратор
OS=Windows_NT
PROCESSOR_IDENTIFIER=AMD64 Family 23 Model 24 Stepping 1, AuthenticAMD



---------------  S Y S T E M  ---------------

OS: Windows 10 , 64 bit Build 19041 (10.0.19041.1)

CPU:total 4 (initial active 4) (4 cores per cpu, 2 threads per core) family 23 model 24 stepping 1, cmov, cx8, fxsr, mmx, sse, sse2, sse3, ssse3, sse4.1, sse4.2, popcnt, avx, avx2, aes, clmul, mmxext, 3dnowpref, lzcnt, sse4a, ht, tsc, tscinvbit, tscinv, bmi1, bmi2, adx, sha, fma

Memory: 4k page, system-wide physical 6094M (2041M free)
TotalPageFile size 6094M (AvailPageFile size 4M)
current process WorkingSet (physical memory assigned to process): 77M, peak: 77M
current process commit charge ("private bytes"): 189M, peak: 189M

vm_info: Java HotSpot(TM) 64-Bit Server VM (13.0.2+8) for windows-amd64 JRE (13.0.2+8), built on Dec 11 2019 09:20:33 by "mach5one" with unknown MS VC++:1916

END.
